<?xml version="1.0" encoding="UTF-8"?>
<robot generator="Robot 5.0.1 (Python 3.10.4 on win32)" generated="20220621 22:42:28.509" rpa="false" schemaversion="3">
<suite id="s1" name="Usuarios" source="C:\Users\Cleo\Documents\Python\RoboTron_CleoMaia_Compass\test-case\usuarios">
<suite id="s1-s1" name="01 usuarios GET" source="C:\Users\Cleo\Documents\Python\RoboTron_CleoMaia_Compass\test-case\usuarios\01_usuarios_GET.robot">
<test id="s1-s1-t1" name="Cenario: GET Todos Os Usuarios Cadastrados" line="10">
<kw name="Criar Sessao" library="resource" type="SETUP">
<kw name="Create Session" library="RequestsLibrary">
<arg>serverest</arg>
<arg>${url}</arg>
<arg>verify=true</arg>
<doc>Create Session: create a HTTP session to a server</doc>
<msg timestamp="20220621 22:42:28.977" level="INFO">Creating Session using : alias=serverest, url=https://serverest.dev, headers={},                     cookies={}, auth=None, timeout=None, proxies=None, verify=True,                     debug=0 </msg>
<status status="PASS" starttime="20220621 22:42:28.977" endtime="20220621 22:42:28.977"/>
</kw>
<status status="PASS" starttime="20220621 22:42:28.976" endtime="20220621 22:42:28.977"/>
</kw>
<kw name="Get Endpoint &quot;/usuarios&quot;" library="resource" sourcename="GET Endpoint &quot;${endpoint}&quot;">
<kw name="GET On Session" library="RequestsLibrary">
<var>${response}</var>
<arg>serverest</arg>
<arg>${endpoint}</arg>
<arg>expected_status=any</arg>
<doc>Sends a GET request on a previously created HTTP Session.</doc>
<msg timestamp="20220621 22:42:30.296" level="INFO">GET Request : url=https://serverest.dev/usuarios 
 path_url=/usuarios 
 headers={'User-Agent': 'python-requests/2.28.0', 'Accept-Encoding': 'gzip, deflate', 'Accept': '*/*', 'Connection': 'keep-alive'} 
 body=None 
 </msg>
<msg timestamp="20220621 22:42:30.298" level="INFO">GET Response : url=https://serverest.dev/usuarios 
 status=200, reason=OK 
 headers={'access-control-allow-origin': '*', 'x-dns-prefetch-control': 'off', 'x-frame-options': 'SAMEORIGIN', 'strict-transport-security': 'max-age=15552000; includeSubDomains', 'x-download-options': 'noopen', 'x-content-type-options': 'nosniff', 'x-xss-protection': '1; mode=block', 'x-moesif-transaction-id': '0381f433-76f4-4c27-a1ea-885033d6d7ea', 'content-type': 'application/json; charset=utf-8', 'X-Cloud-Trace-Context': 'fb0a7c0430c8ab239f21e84f9c1a05c3;o=1', 'Date': 'Wed, 22 Jun 2022 01:42:29 GMT', 'Server': 'Google Frontend', 'Content-Length': '128963'} 
 body={
    "quantidade": 571,
    "usuarios": [
        {
            "nome": "Karen Campos",
            "email": "huertadavid@example.org",
            "password": "#v8RYexhW8",
            "administrador": "false",
            "_id": "0fHa2TSiHJL840aa"
        },
        {
            "nome": "Silvana Franco Filho",
            "email": "Gislaine_Batista47@yahoo.com",
            "password": "YKdEbGMChx3f_uN",
            "administrador": "true",
            "_id": "0gPQGm0k3fJ4vtlI"
        },
        {
            "nome": "Moacir Albuquerque",
            "email": "Marilis.Braga@live.com",
            "password": "tM3dKMCQuGKWGAa",
            "administrador": "true",
            "_id": "0sHOB7EJhjBSe3B6"
        },
        {
            "nome": "Mariano Macedo",
            "email": "testing.Eduardo67@gmail.com",
            "password": "UvrAtTLqrrXH91m",
            "administrador": "false",
            "_id": "0wO53s9q3dg17jvv"
        },
        {
            "nome": "Angelisio Santos",
            "email": "Milena49@live.com",
            "password": "txLtLCMmfdMNIG5",
            "administrador": "true",
            "_id": "13IfBE5pYlEEVC0T"
        },
        {
            "nome": "Jason Suarez",
            "email": "wsteele@example.org",
            "password": "0xpj&amp;Qdd!0",
            "administrador": "true",
            "_id": "17AZ48RTMVcIlapm"
        },
        {
            "nome": "Ingrid santos",
            "email": "Aniya47@yahoo.com",
            "password": "ZNfT2SF488ZOSke",
            "administrador": "true",
            "_id": "18fKTpH4Uhxinpbp"
        },
        {
            "nome": "Helena Costa",
            "email": "Elci74@live.com",
            "password": "p3WoLphoLreOcvf",
            "administrador": "true",
            "_id": "1FvLiqkxar5gVMB7"
        },
        {
            "nome": "{{nome}}",
            "email": "Annalise@qa.com.br",
            "password": "DJvZZLeIrsJE4Gp",
            "administrador": "true",
            "_id": "1JLc5OqzJULmGodp"
        },
        {
            "nome": "Phillip Saraiva",
            "email": "Rosely.Macedo18@hotmail.com",
            "password": "u7ppUMAfIcXTCDR",
            "administrador": "true",
            "_id": "1R7ACQgr6kzrECTZ"
        },
        {
            "nome": "Tales Moreira",
            "email": "Rosely80@hotmail.com",
            "password": "uMdiw67lWFhoNv0",
            "administrador": "true",
            "_id": "1TDJ3gRXk0CAN8VR"
        },
        {
            "nome": "Venina Moreira",
            "email": "Otaviano_Xavier80@live.com",
            "password": "HdM8605H2p8baom",
            "administrador": "true",
            "_id": "1UkQdtDrevD7QioX"
        },
        {
            "nome": "Bruce Macedo",
            "email": "Malco_Costa82@yahoo.com",
            "password": "6j3oI2ye_bPkORl",
            "administrador": "true",
            "_id": "1bkDSy2SyRtD5y6H"
        },
        {
            "nome": "Clarice Oliveira",
            "email": "Izaurino.Costa@hotmail.com",
            "password": "mmDSS0gZ0IGSzXh",
            "administrador": "false",
            "_id": "1iHntPJmuGz7YskM"
        },
        {
            "nome": "Venscerlau Saraiva",
            "email": "Elma.Martins@hotmail.com",
            "password": "oxZFZB7ezS1Dpu9",
            "administrador": "true",
            "_id": "1tnzu1aJJMxvJmTP"
        },
        {
            "nome": "Dr. Creuza Costa",
            "email": "Katias_Oliveira76@bol.com.br",
            "password": "QV7UVlEKmZyoFKa",
            "administrador": "true",
            "_id": "1v2dwUnvjG0wmHQd"
        },
        {
            "nome": "Elcio Melo Neto",
            "email": "Regina_Xavier@gmail.com",
            "password": "r9ieXuUx3nXL1cn",
            "administrador": "false",
            "_id": "23YDuxA3hXdDnu44"
        },
        {
            "nome": "Luis Wuckert",
            "email": "Milan_Block@yahoo.com",
            "password": "ZnGBy_atNraPHmO",
            "administrador": "true",
            "_id": "2DDpGPCeWmAQWjsD"
        },
        {
            "nome": "Wilma Gutmann",
            "email": "Darron.Boehm43@gmail.com",
            "password": "NkukfTlvd2q5duu",
            "administrador": "false",
            "_id": "2EWxXXbkG0mWrm7r"
        },
        {
            "nome": "Tânia Braga",
            "email": "Aline37@bol.com.br",
            "password": "dqR0ctTSiajkbqe",
            "administrador": "true",
            "_id": "2U6WO54lVJi5Af2T"
        },
        {
            "nome": "Ilana Melo",
            "email": "Tomio22@hotmail.com",
            "password": "YOw3pPyimSkZdTG",
            "administrador": "true",
            "_id": "2UOMGMU6Thaa2Fo2"
        },
        {
            "nome": "Rolando Pereira",
            "email": "Anita_Costa49@live.com",
            "password": "EgXQ3eMeBTYPycI",
            "administrador": "true",
            "_id": "30ViCeNLEMK8eHOW"
        },
        {
            "nome": "Srta. Geny Souza",
            "email": "Mabilia.Macedo@hotmail.com",
            "password": "s3cTE4Lvchc_wWj",
            "administrador": "true",
            "_id": "33ClRQMJENncOpXJ"
        },
        {
            "nome": "Dr. Djackson Souza",
            "email": "Virgnia.Moraes@live.com",
            "password": "cpW04_Hxlu3wxVy",
            "administrador": "true",
            "_id": "36AfppgZX76ETXLP"
        },
        {
            "nome": "Gláucia Reis",
            "email": "Enithevaldo_Reis73@gmail.com",
            "password": "LYr6_FHdyDfgwx0",
            "administrador": "false",
            "_id": "3IV3YVBMd6YGWUCq"
        },
        {
            "nome": "Mrs. Thelma Macejkovic",
            "email": "Deanna_Christiansen@yahoo.com",
            "password": "VZyTzuAFCF8ofzz",
            "administrador": "true",
            "_id": "3TkCGiuD09W0j1OH"
        },
        {
            "nome": "Marcilia.Braga",
            "email": "Mrcia23@live.com",
            "password": "6YFDayLYvVG325j",
            "administrador": "true",
            "_id": "3Uuf3wEEfSlsMyOZ"
        },
        {
            "nome": "Stella Spencer",
            "email": "Pedro96@hotmail.com",
            "password": "hI6AjIXAlGbYjvL",
            "administrador": "true",
            "_id": "3fPXcJLp1njmjWTc"
        },
        {
            "nome": "Marinês Martins",
            "email": "Glacir_Macedo@hotmail.com",
            "password": "JdZbXgYyxx2bvbG",
            "administrador": "true",
            "_id": "3rUXkfDU23AfPjsZ"
        },
        {
            "nome": "Dr. Edney Moraes",
            "email": "Elenilza.Franco@bol.com.br",
            "password": "vnnKUbS0K6RKFxs",
            "administrador": "true",
            "_id": "3va0VekIgxrmiIyJ"
        },
        {
            "nome": "Edileuza Barros",
            "email": "Diniz.Costa@hotmail.com",
            "password": "ZyEm_s2_8qv943I",
            "administrador": "true",
            "_id": "3yf8xxT3whZ14cxP"
        },
        {
            "nome": "Jeffrey Warner",
            "email": "zachary94@example.org",
            "password": "6mbAibwb%I",
            "administrador": "false",
            "_id": "3yhvOM9jaMMvN5Gw"
        },
        {
            "nome": "Clenio Reis",
            "email": "Ivani73@live.com",
            "password": "hIoJBCVxKo1GWdC",
            "administrador": "true",
            "_id": "40IWnwOEvBRIXFGW"
        },
        {
            "nome": "Louise Barros",
            "email": "Cleiton9@hotmail.com",
            "password": "pxTVsQZga5LL3nk",
            "administrador": "true",
            "_id": "4GCgoCzMFbueKvd8"
        },
        {
            "nome": "Edvando Pereira",
            "email": "testing.Erdice_Silva89@bol.com.br",
            "password": "ucqlYd2rw9gorKx",
            "administrador": "true",
            "_id": "4INcX4NwZYWu4YhW"
        },
        {
            "nome": "Vilma Costa",
            "email": "testing.Kiyoko.Reis82@yahoo.com",
            "password": "bV6LOhF1RGS_K4V",
            "administrador": "false",
            "_id": "4KPDux9sex0XOHtw"
        },
        {
            "nome": "Roknei Melo",
            "email": "Nercy.Moreira52@hotmail.com",
            "password": "1XpJfNhj_N_owZ8",
            "administrador": "true",
            "_id": "4LrpLDR19CvsSpkj"
        },
        {
            "nome": "Patty Harris",
            "email": "Earline3@yahoo.com",
            "password": "i8liolXcjbqW9pt",
            "administrador": "true",
            "_id": "4PDtkkYWnCEr5TEM"
        },
        {
            "nome": "Salvador Klein",
            "email": "Daphney.Windler@gmail.com",
            "password": "OVSn7eA9ebq9W_C",
            "administrador": "false",
            "_id": "4ol0w7mSLqHObi51"
        },
        {
            "nome": "Cláudia Saraiva",
            "email": "Mabilia.Souza@gmail.com",
            "password": "a5F95cH1uecNAmA",
            "administrador": "true",
            "_id": "4u13ZMjinlKfucaa"
        },
        {
            "nome": "Valmira Xavier Filho",
            "email": "Erick.Moraes19@live.com",
            "password": "XcTt4LEDr4oXypv",
            "administrador": "true",
            "_id": "4xAKvSPznphSXQIH"
        },
        {
            "nome": "Ealton Braga Neto",
            "email": "testing.Kazumi.Albuquerque@gmail.com",
            "password": "isXM7o3judkMb8Z",
            "administrador": "true",
            "_id": "4zYuuLlxJQbNbADC"
        },
        {
            "nome": "Sr. Geazi Barros",
            "email": "Thaisa.Moreira46@gmail.com",
            "password": "OJpBTTkeHRJJ3sH",
            "administrador": "true",
            "_id": "59xO4bi38EfvvTcp"
        },
        {
            "nome": "Herbert Santos",
            "email": "Crispim62@hotmail.com",
            "password": "h59We0PjWse8zWs",
            "administrador": "true",
            "_id": "5K7zITXyChuW1wrf"
        },
        {
            "nome": "Margaret... (set the log level to DEBUG or TRACE to see the full content) 
 </msg>
<msg timestamp="20220621 22:42:30.299" level="INFO">${response} = &lt;Response [200]&gt;</msg>
<status status="PASS" starttime="20220621 22:42:28.978" endtime="20220621 22:42:30.299"/>
</kw>
<kw name="Set Test Variable" library="BuiltIn">
<arg>${response}</arg>
<doc>Makes a variable available everywhere within the scope of the current test.</doc>
<msg timestamp="20220621 22:42:30.301" level="INFO">${response} = &lt;Response [200]&gt;</msg>
<status status="PASS" starttime="20220621 22:42:30.300" endtime="20220621 22:42:30.301"/>
</kw>
<kw name="Set Test Variable" library="BuiltIn">
<arg>${response_body}</arg>
<arg>${response.json()}</arg>
<doc>Makes a variable available everywhere within the scope of the current test.</doc>
<msg timestamp="20220621 22:42:30.339" level="INFO">${response_body} = {'quantidade': 571, 'usuarios': [{'nome': 'Karen Campos', 'email': 'huertadavid@example.org', 'password': '#v8RYexhW8', 'administrador': 'false', '_id': '0fHa2TSiHJL840aa'}, {'nome': 'Silvana Franco F...</msg>
<status status="PASS" starttime="20220621 22:42:30.302" endtime="20220621 22:42:30.340"/>
</kw>
<status status="PASS" starttime="20220621 22:42:28.978" endtime="20220621 22:42:30.340"/>
</kw>
<kw name="Validar Status Code &quot;200&quot;" library="resource" sourcename="Validar Status Code &quot;${statuscode}&quot;">
<kw name="Should Be True" library="BuiltIn">
<arg>${response.status_code} == ${statuscode}</arg>
<doc>Fails if the given condition is not true.</doc>
<status status="PASS" starttime="20220621 22:42:30.343" endtime="20220621 22:42:30.348"/>
</kw>
<status status="PASS" starttime="20220621 22:42:30.342" endtime="20220621 22:42:30.348"/>
</kw>
<kw name="Validar Quantidade De Usuarios &gt; 0" library="usuarios_keywords" sourcename="Validar Quantidade De Usuarios ${operador} ${quantidade}">
<kw name="Should Be True" library="BuiltIn">
<arg>${response_body['quantidade']} ${operador} ${quantidade}</arg>
<doc>Fails if the given condition is not true.</doc>
<status status="PASS" starttime="20220621 22:42:30.351" endtime="20220621 22:42:30.354"/>
</kw>
<status status="PASS" starttime="20220621 22:42:30.350" endtime="20220621 22:42:30.354"/>
</kw>
<tag>GET</tag>
<tag>Listar_Todos</tag>
<status status="PASS" starttime="20220621 22:42:28.976" endtime="20220621 22:42:30.356"/>
</test>
<test id="s1-s1-t2" name="Cenario: GET Usuario Valido" line="16">
<kw name="Criar Sessao" library="resource" type="SETUP">
<kw name="Create Session" library="RequestsLibrary">
<arg>serverest</arg>
<arg>${url}</arg>
<arg>verify=true</arg>
<doc>Create Session: create a HTTP session to a server</doc>
<msg timestamp="20220621 22:42:30.365" level="INFO">Creating Session using : alias=serverest, url=https://serverest.dev, headers={},                     cookies={}, auth=None, timeout=None, proxies=None, verify=True,                     debug=0 </msg>
<status status="PASS" starttime="20220621 22:42:30.364" endtime="20220621 22:42:30.366"/>
</kw>
<status status="PASS" starttime="20220621 22:42:30.363" endtime="20220621 22:42:30.366"/>
</kw>
<kw name="GET Usuario Valido" library="usuarios_keywords">
<var>${usuario_valido}</var>
<kw name="GET Endpoint &quot;/usuarios&quot;" library="resource" sourcename="GET Endpoint &quot;${endpoint}&quot;">
<kw name="GET On Session" library="RequestsLibrary">
<var>${response}</var>
<arg>serverest</arg>
<arg>${endpoint}</arg>
<arg>expected_status=any</arg>
<doc>Sends a GET request on a previously created HTTP Session.</doc>
<msg timestamp="20220621 22:42:31.399" level="INFO">GET Request : url=https://serverest.dev/usuarios 
 path_url=/usuarios 
 headers={'User-Agent': 'python-requests/2.28.0', 'Accept-Encoding': 'gzip, deflate', 'Accept': '*/*', 'Connection': 'keep-alive'} 
 body=None 
 </msg>
<msg timestamp="20220621 22:42:31.400" level="INFO">GET Response : url=https://serverest.dev/usuarios 
 status=200, reason=OK 
 headers={'access-control-allow-origin': '*', 'x-dns-prefetch-control': 'off', 'x-frame-options': 'SAMEORIGIN', 'strict-transport-security': 'max-age=15552000; includeSubDomains', 'x-download-options': 'noopen', 'x-content-type-options': 'nosniff', 'x-xss-protection': '1; mode=block', 'x-moesif-transaction-id': '7cc4cf0e-b2ef-40d0-b350-c01a9a2440a5', 'content-type': 'application/json; charset=utf-8', 'X-Cloud-Trace-Context': 'ec3f66ac0b3fc3401fa84478d06c8a08', 'Date': 'Wed, 22 Jun 2022 01:42:30 GMT', 'Server': 'Google Frontend', 'Content-Length': '128963'} 
 body={
    "quantidade": 571,
    "usuarios": [
        {
            "nome": "Karen Campos",
            "email": "huertadavid@example.org",
            "password": "#v8RYexhW8",
            "administrador": "false",
            "_id": "0fHa2TSiHJL840aa"
        },
        {
            "nome": "Silvana Franco Filho",
            "email": "Gislaine_Batista47@yahoo.com",
            "password": "YKdEbGMChx3f_uN",
            "administrador": "true",
            "_id": "0gPQGm0k3fJ4vtlI"
        },
        {
            "nome": "Moacir Albuquerque",
            "email": "Marilis.Braga@live.com",
            "password": "tM3dKMCQuGKWGAa",
            "administrador": "true",
            "_id": "0sHOB7EJhjBSe3B6"
        },
        {
            "nome": "Mariano Macedo",
            "email": "testing.Eduardo67@gmail.com",
            "password": "UvrAtTLqrrXH91m",
            "administrador": "false",
            "_id": "0wO53s9q3dg17jvv"
        },
        {
            "nome": "Angelisio Santos",
            "email": "Milena49@live.com",
            "password": "txLtLCMmfdMNIG5",
            "administrador": "true",
            "_id": "13IfBE5pYlEEVC0T"
        },
        {
            "nome": "Jason Suarez",
            "email": "wsteele@example.org",
            "password": "0xpj&amp;Qdd!0",
            "administrador": "true",
            "_id": "17AZ48RTMVcIlapm"
        },
        {
            "nome": "Ingrid santos",
            "email": "Aniya47@yahoo.com",
            "password": "ZNfT2SF488ZOSke",
            "administrador": "true",
            "_id": "18fKTpH4Uhxinpbp"
        },
        {
            "nome": "Helena Costa",
            "email": "Elci74@live.com",
            "password": "p3WoLphoLreOcvf",
            "administrador": "true",
            "_id": "1FvLiqkxar5gVMB7"
        },
        {
            "nome": "{{nome}}",
            "email": "Annalise@qa.com.br",
            "password": "DJvZZLeIrsJE4Gp",
            "administrador": "true",
            "_id": "1JLc5OqzJULmGodp"
        },
        {
            "nome": "Phillip Saraiva",
            "email": "Rosely.Macedo18@hotmail.com",
            "password": "u7ppUMAfIcXTCDR",
            "administrador": "true",
            "_id": "1R7ACQgr6kzrECTZ"
        },
        {
            "nome": "Tales Moreira",
            "email": "Rosely80@hotmail.com",
            "password": "uMdiw67lWFhoNv0",
            "administrador": "true",
            "_id": "1TDJ3gRXk0CAN8VR"
        },
        {
            "nome": "Venina Moreira",
            "email": "Otaviano_Xavier80@live.com",
            "password": "HdM8605H2p8baom",
            "administrador": "true",
            "_id": "1UkQdtDrevD7QioX"
        },
        {
            "nome": "Bruce Macedo",
            "email": "Malco_Costa82@yahoo.com",
            "password": "6j3oI2ye_bPkORl",
            "administrador": "true",
            "_id": "1bkDSy2SyRtD5y6H"
        },
        {
            "nome": "Clarice Oliveira",
            "email": "Izaurino.Costa@hotmail.com",
            "password": "mmDSS0gZ0IGSzXh",
            "administrador": "false",
            "_id": "1iHntPJmuGz7YskM"
        },
        {
            "nome": "Venscerlau Saraiva",
            "email": "Elma.Martins@hotmail.com",
            "password": "oxZFZB7ezS1Dpu9",
            "administrador": "true",
            "_id": "1tnzu1aJJMxvJmTP"
        },
        {
            "nome": "Dr. Creuza Costa",
            "email": "Katias_Oliveira76@bol.com.br",
            "password": "QV7UVlEKmZyoFKa",
            "administrador": "true",
            "_id": "1v2dwUnvjG0wmHQd"
        },
        {
            "nome": "Elcio Melo Neto",
            "email": "Regina_Xavier@gmail.com",
            "password": "r9ieXuUx3nXL1cn",
            "administrador": "false",
            "_id": "23YDuxA3hXdDnu44"
        },
        {
            "nome": "Luis Wuckert",
            "email": "Milan_Block@yahoo.com",
            "password": "ZnGBy_atNraPHmO",
            "administrador": "true",
            "_id": "2DDpGPCeWmAQWjsD"
        },
        {
            "nome": "Wilma Gutmann",
            "email": "Darron.Boehm43@gmail.com",
            "password": "NkukfTlvd2q5duu",
            "administrador": "false",
            "_id": "2EWxXXbkG0mWrm7r"
        },
        {
            "nome": "Tânia Braga",
            "email": "Aline37@bol.com.br",
            "password": "dqR0ctTSiajkbqe",
            "administrador": "true",
            "_id": "2U6WO54lVJi5Af2T"
        },
        {
            "nome": "Ilana Melo",
            "email": "Tomio22@hotmail.com",
            "password": "YOw3pPyimSkZdTG",
            "administrador": "true",
            "_id": "2UOMGMU6Thaa2Fo2"
        },
        {
            "nome": "Rolando Pereira",
            "email": "Anita_Costa49@live.com",
            "password": "EgXQ3eMeBTYPycI",
            "administrador": "true",
            "_id": "30ViCeNLEMK8eHOW"
        },
        {
            "nome": "Srta. Geny Souza",
            "email": "Mabilia.Macedo@hotmail.com",
            "password": "s3cTE4Lvchc_wWj",
            "administrador": "true",
            "_id": "33ClRQMJENncOpXJ"
        },
        {
            "nome": "Dr. Djackson Souza",
            "email": "Virgnia.Moraes@live.com",
            "password": "cpW04_Hxlu3wxVy",
            "administrador": "true",
            "_id": "36AfppgZX76ETXLP"
        },
        {
            "nome": "Gláucia Reis",
            "email": "Enithevaldo_Reis73@gmail.com",
            "password": "LYr6_FHdyDfgwx0",
            "administrador": "false",
            "_id": "3IV3YVBMd6YGWUCq"
        },
        {
            "nome": "Mrs. Thelma Macejkovic",
            "email": "Deanna_Christiansen@yahoo.com",
            "password": "VZyTzuAFCF8ofzz",
            "administrador": "true",
            "_id": "3TkCGiuD09W0j1OH"
        },
        {
            "nome": "Marcilia.Braga",
            "email": "Mrcia23@live.com",
            "password": "6YFDayLYvVG325j",
            "administrador": "true",
            "_id": "3Uuf3wEEfSlsMyOZ"
        },
        {
            "nome": "Stella Spencer",
            "email": "Pedro96@hotmail.com",
            "password": "hI6AjIXAlGbYjvL",
            "administrador": "true",
            "_id": "3fPXcJLp1njmjWTc"
        },
        {
            "nome": "Marinês Martins",
            "email": "Glacir_Macedo@hotmail.com",
            "password": "JdZbXgYyxx2bvbG",
            "administrador": "true",
            "_id": "3rUXkfDU23AfPjsZ"
        },
        {
            "nome": "Dr. Edney Moraes",
            "email": "Elenilza.Franco@bol.com.br",
            "password": "vnnKUbS0K6RKFxs",
            "administrador": "true",
            "_id": "3va0VekIgxrmiIyJ"
        },
        {
            "nome": "Edileuza Barros",
            "email": "Diniz.Costa@hotmail.com",
            "password": "ZyEm_s2_8qv943I",
            "administrador": "true",
            "_id": "3yf8xxT3whZ14cxP"
        },
        {
            "nome": "Jeffrey Warner",
            "email": "zachary94@example.org",
            "password": "6mbAibwb%I",
            "administrador": "false",
            "_id": "3yhvOM9jaMMvN5Gw"
        },
        {
            "nome": "Clenio Reis",
            "email": "Ivani73@live.com",
            "password": "hIoJBCVxKo1GWdC",
            "administrador": "true",
            "_id": "40IWnwOEvBRIXFGW"
        },
        {
            "nome": "Louise Barros",
            "email": "Cleiton9@hotmail.com",
            "password": "pxTVsQZga5LL3nk",
            "administrador": "true",
            "_id": "4GCgoCzMFbueKvd8"
        },
        {
            "nome": "Edvando Pereira",
            "email": "testing.Erdice_Silva89@bol.com.br",
            "password": "ucqlYd2rw9gorKx",
            "administrador": "true",
            "_id": "4INcX4NwZYWu4YhW"
        },
        {
            "nome": "Vilma Costa",
            "email": "testing.Kiyoko.Reis82@yahoo.com",
            "password": "bV6LOhF1RGS_K4V",
            "administrador": "false",
            "_id": "4KPDux9sex0XOHtw"
        },
        {
            "nome": "Roknei Melo",
            "email": "Nercy.Moreira52@hotmail.com",
            "password": "1XpJfNhj_N_owZ8",
            "administrador": "true",
            "_id": "4LrpLDR19CvsSpkj"
        },
        {
            "nome": "Patty Harris",
            "email": "Earline3@yahoo.com",
            "password": "i8liolXcjbqW9pt",
            "administrador": "true",
            "_id": "4PDtkkYWnCEr5TEM"
        },
        {
            "nome": "Salvador Klein",
            "email": "Daphney.Windler@gmail.com",
            "password": "OVSn7eA9ebq9W_C",
            "administrador": "false",
            "_id": "4ol0w7mSLqHObi51"
        },
        {
            "nome": "Cláudia Saraiva",
            "email": "Mabilia.Souza@gmail.com",
            "password": "a5F95cH1uecNAmA",
            "administrador": "true",
            "_id": "4u13ZMjinlKfucaa"
        },
        {
            "nome": "Valmira Xavier Filho",
            "email": "Erick.Moraes19@live.com",
            "password": "XcTt4LEDr4oXypv",
            "administrador": "true",
            "_id": "4xAKvSPznphSXQIH"
        },
        {
            "nome": "Ealton Braga Neto",
            "email": "testing.Kazumi.Albuquerque@gmail.com",
            "password": "isXM7o3judkMb8Z",
            "administrador": "true",
            "_id": "4zYuuLlxJQbNbADC"
        },
        {
            "nome": "Sr. Geazi Barros",
            "email": "Thaisa.Moreira46@gmail.com",
            "password": "OJpBTTkeHRJJ3sH",
            "administrador": "true",
            "_id": "59xO4bi38EfvvTcp"
        },
        {
            "nome": "Herbert Santos",
            "email": "Crispim62@hotmail.com",
            "password": "h59We0PjWse8zWs",
            "administrador": "true",
            "_id": "5K7zITXyChuW1wrf"
        },
        {
            "nome": "Margaret... (set the log level to DEBUG or TRACE to see the full content) 
 </msg>
<msg timestamp="20220621 22:42:31.400" level="INFO">${response} = &lt;Response [200]&gt;</msg>
<status status="PASS" starttime="20220621 22:42:30.370" endtime="20220621 22:42:31.400"/>
</kw>
<kw name="Set Test Variable" library="BuiltIn">
<arg>${response}</arg>
<doc>Makes a variable available everywhere within the scope of the current test.</doc>
<msg timestamp="20220621 22:42:31.401" level="INFO">${response} = &lt;Response [200]&gt;</msg>
<status status="PASS" starttime="20220621 22:42:31.400" endtime="20220621 22:42:31.401"/>
</kw>
<kw name="Set Test Variable" library="BuiltIn">
<arg>${response_body}</arg>
<arg>${response.json()}</arg>
<doc>Makes a variable available everywhere within the scope of the current test.</doc>
<msg timestamp="20220621 22:42:31.407" level="INFO">${response_body} = {'quantidade': 571, 'usuarios': [{'nome': 'Karen Campos', 'email': 'huertadavid@example.org', 'password': '#v8RYexhW8', 'administrador': 'false', '_id': '0fHa2TSiHJL840aa'}, {'nome': 'Silvana Franco F...</msg>
<status status="PASS" starttime="20220621 22:42:31.401" endtime="20220621 22:42:31.407"/>
</kw>
<status status="PASS" starttime="20220621 22:42:30.369" endtime="20220621 22:42:31.408"/>
</kw>
<kw name="Validar Quantidade de Usuarios &gt; 0" library="usuarios_keywords" sourcename="Validar Quantidade De Usuarios ${operador} ${quantidade}">
<kw name="Should Be True" library="BuiltIn">
<arg>${response_body['quantidade']} ${operador} ${quantidade}</arg>
<doc>Fails if the given condition is not true.</doc>
<status status="PASS" starttime="20220621 22:42:31.409" endtime="20220621 22:42:31.410"/>
</kw>
<status status="PASS" starttime="20220621 22:42:31.408" endtime="20220621 22:42:31.410"/>
</kw>
<msg timestamp="20220621 22:42:31.412" level="INFO">${usuario_valido} = {'nome': 'Karen Campos', 'email': 'huertadavid@example.org', 'password': '#v8RYexhW8', 'administrador': 'false', '_id': '0fHa2TSiHJL840aa'}</msg>
<status status="PASS" starttime="20220621 22:42:30.368" endtime="20220621 22:42:31.412"/>
</kw>
<kw name="GET Endpoint &quot;/usuarios/${usuario_valido['_id']}&quot;" library="resource" sourcename="GET Endpoint &quot;${endpoint}&quot;">
<kw name="GET On Session" library="RequestsLibrary">
<var>${response}</var>
<arg>serverest</arg>
<arg>${endpoint}</arg>
<arg>expected_status=any</arg>
<doc>Sends a GET request on a previously created HTTP Session.</doc>
<msg timestamp="20220621 22:42:31.628" level="INFO">GET Request : url=https://serverest.dev/usuarios/0fHa2TSiHJL840aa 
 path_url=/usuarios/0fHa2TSiHJL840aa 
 headers={'User-Agent': 'python-requests/2.28.0', 'Accept-Encoding': 'gzip, deflate', 'Accept': '*/*', 'Connection': 'keep-alive'} 
 body=None 
 </msg>
<msg timestamp="20220621 22:42:31.628" level="INFO">GET Response : url=https://serverest.dev/usuarios/0fHa2TSiHJL840aa 
 status=200, reason=OK 
 headers={'access-control-allow-origin': '*', 'x-dns-prefetch-control': 'off', 'x-frame-options': 'SAMEORIGIN', 'strict-transport-security': 'max-age=15552000; includeSubDomains', 'x-download-options': 'noopen', 'x-content-type-options': 'nosniff', 'x-xss-protection': '1; mode=block', 'x-moesif-transaction-id': '639a0a1a-4aa7-4eb6-ad3c-edfd170bea6d', 'content-type': 'application/json; charset=utf-8', 'X-Cloud-Trace-Context': 'bd8949fa622f8782979c30a44fc69589', 'Date': 'Wed, 22 Jun 2022 01:42:31 GMT', 'Server': 'Google Frontend', 'Content-Length': '161'} 
 body={
    "nome": "Karen Campos",
    "email": "huertadavid@example.org",
    "password": "#v8RYexhW8",
    "administrador": "false",
    "_id": "0fHa2TSiHJL840aa"
} 
 </msg>
<msg timestamp="20220621 22:42:31.629" level="INFO">${response} = &lt;Response [200]&gt;</msg>
<status status="PASS" starttime="20220621 22:42:31.415" endtime="20220621 22:42:31.629"/>
</kw>
<kw name="Set Test Variable" library="BuiltIn">
<arg>${response}</arg>
<doc>Makes a variable available everywhere within the scope of the current test.</doc>
<msg timestamp="20220621 22:42:31.631" level="INFO">${response} = &lt;Response [200]&gt;</msg>
<status status="PASS" starttime="20220621 22:42:31.630" endtime="20220621 22:42:31.631"/>
</kw>
<kw name="Set Test Variable" library="BuiltIn">
<arg>${response_body}</arg>
<arg>${response.json()}</arg>
<doc>Makes a variable available everywhere within the scope of the current test.</doc>
<msg timestamp="20220621 22:42:31.639" level="INFO">${response_body} = {'nome': 'Karen Campos', 'email': 'huertadavid@example.org', 'password': '#v8RYexhW8', 'administrador': 'false', '_id': '0fHa2TSiHJL840aa'}</msg>
<status status="PASS" starttime="20220621 22:42:31.631" endtime="20220621 22:42:31.639"/>
</kw>
<status status="PASS" starttime="20220621 22:42:31.413" endtime="20220621 22:42:31.639"/>
</kw>
<kw name="Validar Status Code &quot;200&quot;" library="resource" sourcename="Validar Status Code &quot;${statuscode}&quot;">
<kw name="Should Be True" library="BuiltIn">
<arg>${response.status_code} == ${statuscode}</arg>
<doc>Fails if the given condition is not true.</doc>
<status status="PASS" starttime="20220621 22:42:31.643" endtime="20220621 22:42:31.647"/>
</kw>
<status status="PASS" starttime="20220621 22:42:31.641" endtime="20220621 22:42:31.647"/>
</kw>
<kw name="Validar Usuario &quot;${usuario_valido['_id']}&quot;" library="usuarios_keywords" sourcename="Validar Usuario &quot;${id_usuario_cadastrado}&quot;">
<kw name="Should Be Equal" library="BuiltIn">
<arg>${response_body['_id']}</arg>
<arg>${id_usuario_cadastrado}</arg>
<doc>Fails if the given objects are unequal.</doc>
<status status="PASS" starttime="20220621 22:42:31.652" endtime="20220621 22:42:31.654"/>
</kw>
<status status="PASS" starttime="20220621 22:42:31.649" endtime="20220621 22:42:31.655"/>
</kw>
<tag>Buscar_Por_Id</tag>
<tag>GET</tag>
<status status="PASS" starttime="20220621 22:42:30.361" endtime="20220621 22:42:31.656"/>
</test>
<test id="s1-s1-t3" name="Cenario: Buscar Usuario Por Id Invalido" line="23">
<kw name="Criar Sessao" library="resource" type="SETUP">
<kw name="Create Session" library="RequestsLibrary">
<arg>serverest</arg>
<arg>${url}</arg>
<arg>verify=true</arg>
<doc>Create Session: create a HTTP session to a server</doc>
<msg timestamp="20220621 22:42:31.666" level="INFO">Creating Session using : alias=serverest, url=https://serverest.dev, headers={},                     cookies={}, auth=None, timeout=None, proxies=None, verify=True,                     debug=0 </msg>
<status status="PASS" starttime="20220621 22:42:31.665" endtime="20220621 22:42:31.667"/>
</kw>
<status status="PASS" starttime="20220621 22:42:31.664" endtime="20220621 22:42:31.667"/>
</kw>
<kw name="GET Endpoint &quot;/usuarios/${usuario_nao_cadastrado}&quot;" library="resource" sourcename="GET Endpoint &quot;${endpoint}&quot;">
<kw name="GET On Session" library="RequestsLibrary">
<var>${response}</var>
<arg>serverest</arg>
<arg>${endpoint}</arg>
<arg>expected_status=any</arg>
<doc>Sends a GET request on a previously created HTTP Session.</doc>
<msg timestamp="20220621 22:42:32.188" level="INFO">GET Request : url=https://serverest.dev/usuarios/NaoExisto 
 path_url=/usuarios/NaoExisto 
 headers={'User-Agent': 'python-requests/2.28.0', 'Accept-Encoding': 'gzip, deflate', 'Accept': '*/*', 'Connection': 'keep-alive'} 
 body=None 
 </msg>
<msg timestamp="20220621 22:42:32.189" level="INFO">GET Response : url=https://serverest.dev/usuarios/NaoExisto 
 status=400, reason=Bad Request 
 headers={'access-control-allow-origin': '*', 'x-dns-prefetch-control': 'off', 'x-frame-options': 'SAMEORIGIN', 'strict-transport-security': 'max-age=15552000; includeSubDomains', 'x-download-options': 'noopen', 'x-content-type-options': 'nosniff', 'x-xss-protection': '1; mode=block', 'x-moesif-transaction-id': '92c45d08-cce8-47fb-8a94-9510cc999582', 'content-type': 'application/json; charset=utf-8', 'X-Cloud-Trace-Context': 'eba7f4a674cbc28711524b376d808c42', 'Date': 'Wed, 22 Jun 2022 01:42:31 GMT', 'Server': 'Google Frontend', 'Content-Length': '45'} 
 body={
    "message": "Usuário não encontrado"
} 
 </msg>
<msg timestamp="20220621 22:42:32.189" level="INFO">${response} = &lt;Response [400]&gt;</msg>
<status status="PASS" starttime="20220621 22:42:31.671" endtime="20220621 22:42:32.189"/>
</kw>
<kw name="Set Test Variable" library="BuiltIn">
<arg>${response}</arg>
<doc>Makes a variable available everywhere within the scope of the current test.</doc>
<msg timestamp="20220621 22:42:32.191" level="INFO">${response} = &lt;Response [400]&gt;</msg>
<status status="PASS" starttime="20220621 22:42:32.190" endtime="20220621 22:42:32.191"/>
</kw>
<kw name="Set Test Variable" library="BuiltIn">
<arg>${response_body}</arg>
<arg>${response.json()}</arg>
<doc>Makes a variable available everywhere within the scope of the current test.</doc>
<msg timestamp="20220621 22:42:32.196" level="INFO">${response_body} = {'message': 'Usuário não encontrado'}</msg>
<status status="PASS" starttime="20220621 22:42:32.191" endtime="20220621 22:42:32.196"/>
</kw>
<status status="PASS" starttime="20220621 22:42:31.669" endtime="20220621 22:42:32.197"/>
</kw>
<kw name="Validar Status Code &quot;400&quot;" library="resource" sourcename="Validar Status Code &quot;${statuscode}&quot;">
<kw name="Should Be True" library="BuiltIn">
<arg>${response.status_code} == ${statuscode}</arg>
<doc>Fails if the given condition is not true.</doc>
<status status="PASS" starttime="20220621 22:42:32.200" endtime="20220621 22:42:32.204"/>
</kw>
<status status="PASS" starttime="20220621 22:42:32.199" endtime="20220621 22:42:32.205"/>
</kw>
<kw name="Validar Mensagem &quot;Usuário não encontrado&quot;" library="resource" sourcename="Validar Mensagem &quot;${mensagem}&quot;">
<kw name="Should Be Equal" library="BuiltIn">
<arg>${response_body['message']}</arg>
<arg>${mensagem}</arg>
<doc>Fails if the given objects are unequal.</doc>
<status status="PASS" starttime="20220621 22:42:32.207" endtime="20220621 22:42:32.210"/>
</kw>
<status status="PASS" starttime="20220621 22:42:32.206" endtime="20220621 22:42:32.210"/>
</kw>
<tag>Buscar_Por_Id_Invalido</tag>
<tag>GET</tag>
<status status="PASS" starttime="20220621 22:42:31.661" endtime="20220621 22:42:32.212"/>
</test>
<doc>Arquivo De Requisições Do Tipo GET DA API Do EndPoint Usuarios</doc>
<status status="PASS" starttime="20220621 22:42:28.529" endtime="20220621 22:42:32.217"/>
</suite>
<suite id="s1-s2" name="02 usuarios POST" source="C:\Users\Cleo\Documents\Python\RoboTron_CleoMaia_Compass\test-case\usuarios\02_usuarios_POST.robot">
<test id="s1-s2-t1" name="Cenario: Cadastrar Um Usuario Administrador Com Sucesso" line="10">
<kw name="Criar Sessao" library="resource" type="SETUP">
<kw name="Create Session" library="RequestsLibrary">
<arg>serverest</arg>
<arg>${url}</arg>
<arg>verify=true</arg>
<doc>Create Session: create a HTTP session to a server</doc>
<msg timestamp="20220621 22:42:32.265" level="INFO">Creating Session using : alias=serverest, url=https://serverest.dev, headers={},                     cookies={}, auth=None, timeout=None, proxies=None, verify=True,                     debug=0 </msg>
<status status="PASS" starttime="20220621 22:42:32.264" endtime="20220621 22:42:32.266"/>
</kw>
<status status="PASS" starttime="20220621 22:42:32.263" endtime="20220621 22:42:32.267"/>
</kw>
<kw name="Gerar Dados Do Novo Usuario Administrador &quot;true&quot;" library="usuarios_keywords" sourcename="Gerar Dados Do Novo Usuario Administrador &quot;${administrador}&quot;">
<var>${usuario}</var>
<kw name="Name" library="FakerLibrary">
<var>${nome}</var>
<doc>:example 'John Doe'</doc>
<msg timestamp="20220621 22:42:32.271" level="INFO">${nome} = Briana Green</msg>
<status status="PASS" starttime="20220621 22:42:32.269" endtime="20220621 22:42:32.271"/>
</kw>
<kw name="Email" library="FakerLibrary">
<var>${email}</var>
<msg timestamp="20220621 22:42:32.273" level="INFO">${email} = misty35@example.org</msg>
<status status="PASS" starttime="20220621 22:42:32.272" endtime="20220621 22:42:32.273"/>
</kw>
<kw name="Password" library="FakerLibrary">
<var>${senha}</var>
<doc>Generate a random password of the specified ``length``.</doc>
<msg timestamp="20220621 22:42:32.275" level="INFO">${senha} = x$Qp%7YmO6</msg>
<status status="PASS" starttime="20220621 22:42:32.274" endtime="20220621 22:42:32.275"/>
</kw>
<kw name="Create Dictionary" library="BuiltIn">
<var>&amp;{usuario}</var>
<arg>nome=${nome}</arg>
<arg>email=${email}</arg>
<arg>password=${senha}</arg>
<arg>administrador=${administrador}</arg>
<doc>Creates and returns a dictionary based on the given ``items``.</doc>
<msg timestamp="20220621 22:42:32.278" level="INFO">&amp;{usuario} = { nome=Briana Green | email=misty35@example.org | password=x$Qp%7YmO6 | administrador=true }</msg>
<status status="PASS" starttime="20220621 22:42:32.275" endtime="20220621 22:42:32.278"/>
</kw>
<msg timestamp="20220621 22:42:32.279" level="INFO">${usuario} = {'nome': 'Briana Green', 'email': 'misty35@example.org', 'password': 'x$Qp%7YmO6', 'administrador': 'true'}</msg>
<status status="PASS" starttime="20220621 22:42:32.268" endtime="20220621 22:42:32.279"/>
</kw>
<kw name="POST Endpoint &quot;/usuarios&quot; Com Body &quot;${usuario}&quot;" library="resource" sourcename="POST Endpoint &quot;${endpoint}&quot; Com Body &quot;${body}&quot;">
<kw name="POST On Session" library="RequestsLibrary">
<var>${response}</var>
<arg>serverest</arg>
<arg>${endpoint}</arg>
<arg>data=${body}</arg>
<arg>expected_status=any</arg>
<doc>Sends a POST request on a previously created HTTP Session.</doc>
<msg timestamp="20220621 22:42:32.826" level="INFO">POST Request : url=https://serverest.dev/usuarios 
 path_url=/usuarios 
 headers={'User-Agent': 'python-requests/2.28.0', 'Accept-Encoding': 'gzip, deflate', 'Accept': '*/*', 'Connection': 'keep-alive', 'Content-Length': '88', 'Content-Type': 'application/x-www-form-urlencoded'} 
 body=nome=Briana+Green&amp;email=misty35%40example.org&amp;password=x%24Qp%257YmO6&amp;administrador=true 
 </msg>
<msg timestamp="20220621 22:42:32.827" level="INFO">POST Response : url=https://serverest.dev/usuarios 
 status=201, reason=Created 
 headers={'access-control-allow-origin': '*', 'x-dns-prefetch-control': 'off', 'x-frame-options': 'SAMEORIGIN', 'strict-transport-security': 'max-age=15552000; includeSubDomains', 'x-download-options': 'noopen', 'x-content-type-options': 'nosniff', 'x-xss-protection': '1; mode=block', 'x-moesif-transaction-id': 'e1e3b749-b19d-47a2-be09-f3ff1619a7e2', 'content-type': 'application/json; charset=utf-8', 'X-Cloud-Trace-Context': 'c9e21c8c09d841f1bb297ff5c2bb8b9c', 'Date': 'Wed, 22 Jun 2022 01:42:32 GMT', 'Server': 'Google Frontend', 'Content-Length': '82'} 
 body={
    "message": "Cadastro realizado com sucesso",
    "_id": "9gtiKYzsmuJWzuh8"
} 
 </msg>
<msg timestamp="20220621 22:42:32.827" level="INFO">${response} = &lt;Response [201]&gt;</msg>
<status status="PASS" starttime="20220621 22:42:32.282" endtime="20220621 22:42:32.827"/>
</kw>
<kw name="Set Test Variable" library="BuiltIn">
<arg>${response}</arg>
<doc>Makes a variable available everywhere within the scope of the current test.</doc>
<msg timestamp="20220621 22:42:32.830" level="INFO">${response} = &lt;Response [201]&gt;</msg>
<status status="PASS" starttime="20220621 22:42:32.828" endtime="20220621 22:42:32.830"/>
</kw>
<kw name="Set Test Variable" library="BuiltIn">
<arg>${response_body}</arg>
<arg>${response.json()}</arg>
<doc>Makes a variable available everywhere within the scope of the current test.</doc>
<msg timestamp="20220621 22:42:32.831" level="INFO">${response_body} = {'message': 'Cadastro realizado com sucesso', '_id': '9gtiKYzsmuJWzuh8'}</msg>
<status status="PASS" starttime="20220621 22:42:32.830" endtime="20220621 22:42:32.831"/>
</kw>
<status status="PASS" starttime="20220621 22:42:32.280" endtime="20220621 22:42:32.831"/>
</kw>
<kw name="Validar Status Code &quot;201&quot;" library="resource" sourcename="Validar Status Code &quot;${statuscode}&quot;">
<kw name="Should Be True" library="BuiltIn">
<arg>${response.status_code} == ${statuscode}</arg>
<doc>Fails if the given condition is not true.</doc>
<status status="PASS" starttime="20220621 22:42:32.832" endtime="20220621 22:42:32.832"/>
</kw>
<status status="PASS" starttime="20220621 22:42:32.831" endtime="20220621 22:42:32.832"/>
</kw>
<kw name="Validar Mensagem &quot;Cadastro realizado com sucesso&quot;" library="resource" sourcename="Validar Mensagem &quot;${mensagem}&quot;">
<kw name="Should Be Equal" library="BuiltIn">
<arg>${response_body['message']}</arg>
<arg>${mensagem}</arg>
<doc>Fails if the given objects are unequal.</doc>
<status status="PASS" starttime="20220621 22:42:32.833" endtime="20220621 22:42:32.833"/>
</kw>
<status status="PASS" starttime="20220621 22:42:32.833" endtime="20220621 22:42:32.834"/>
</kw>
<tag>Cadastrar</tag>
<tag>Cadastrar_Usuario_Administrador</tag>
<tag>POST</tag>
<status status="PASS" starttime="20220621 22:42:32.260" endtime="20220621 22:42:32.834"/>
</test>
<test id="s1-s2-t2" name="Cenario: Cadastrar Um Usuario Nao Administrador Com Sucesso" line="17">
<kw name="Criar Sessao" library="resource" type="SETUP">
<kw name="Create Session" library="RequestsLibrary">
<arg>serverest</arg>
<arg>${url}</arg>
<arg>verify=true</arg>
<doc>Create Session: create a HTTP session to a server</doc>
<msg timestamp="20220621 22:42:32.837" level="INFO">Creating Session using : alias=serverest, url=https://serverest.dev, headers={},                     cookies={}, auth=None, timeout=None, proxies=None, verify=True,                     debug=0 </msg>
<status status="PASS" starttime="20220621 22:42:32.836" endtime="20220621 22:42:32.837"/>
</kw>
<status status="PASS" starttime="20220621 22:42:32.836" endtime="20220621 22:42:32.837"/>
</kw>
<kw name="Gerar Dados Do Novo Usuario Administrador &quot;false&quot;" library="usuarios_keywords" sourcename="Gerar Dados Do Novo Usuario Administrador &quot;${administrador}&quot;">
<var>${usuario}</var>
<kw name="Name" library="FakerLibrary">
<var>${nome}</var>
<doc>:example 'John Doe'</doc>
<msg timestamp="20220621 22:42:32.838" level="INFO">${nome} = Susan Beasley</msg>
<status status="PASS" starttime="20220621 22:42:32.838" endtime="20220621 22:42:32.838"/>
</kw>
<kw name="Email" library="FakerLibrary">
<var>${email}</var>
<msg timestamp="20220621 22:42:32.838" level="INFO">${email} = cmartinez@example.org</msg>
<status status="PASS" starttime="20220621 22:42:32.838" endtime="20220621 22:42:32.838"/>
</kw>
<kw name="Password" library="FakerLibrary">
<var>${senha}</var>
<doc>Generate a random password of the specified ``length``.</doc>
<msg timestamp="20220621 22:42:32.839" level="INFO">${senha} = ^m@aOLlf3O</msg>
<status status="PASS" starttime="20220621 22:42:32.838" endtime="20220621 22:42:32.839"/>
</kw>
<kw name="Create Dictionary" library="BuiltIn">
<var>&amp;{usuario}</var>
<arg>nome=${nome}</arg>
<arg>email=${email}</arg>
<arg>password=${senha}</arg>
<arg>administrador=${administrador}</arg>
<doc>Creates and returns a dictionary based on the given ``items``.</doc>
<msg timestamp="20220621 22:42:32.839" level="INFO">&amp;{usuario} = { nome=Susan Beasley | email=cmartinez@example.org | password=^m@aOLlf3O | administrador=false }</msg>
<status status="PASS" starttime="20220621 22:42:32.839" endtime="20220621 22:42:32.839"/>
</kw>
<msg timestamp="20220621 22:42:32.839" level="INFO">${usuario} = {'nome': 'Susan Beasley', 'email': 'cmartinez@example.org', 'password': '^m@aOLlf3O', 'administrador': 'false'}</msg>
<status status="PASS" starttime="20220621 22:42:32.837" endtime="20220621 22:42:32.839"/>
</kw>
<kw name="POST Endpoint &quot;/usuarios&quot; Com Body &quot;${usuario}&quot;" library="resource" sourcename="POST Endpoint &quot;${endpoint}&quot; Com Body &quot;${body}&quot;">
<kw name="POST On Session" library="RequestsLibrary">
<var>${response}</var>
<arg>serverest</arg>
<arg>${endpoint}</arg>
<arg>data=${body}</arg>
<arg>expected_status=any</arg>
<doc>Sends a POST request on a previously created HTTP Session.</doc>
<msg timestamp="20220621 22:42:33.374" level="INFO">POST Request : url=https://serverest.dev/usuarios 
 path_url=/usuarios 
 headers={'User-Agent': 'python-requests/2.28.0', 'Accept-Encoding': 'gzip, deflate', 'Accept': '*/*', 'Connection': 'keep-alive', 'Content-Length': '92', 'Content-Type': 'application/x-www-form-urlencoded'} 
 body=nome=Susan+Beasley&amp;email=cmartinez%40example.org&amp;password=%5Em%40aOLlf3O&amp;administrador=false 
 </msg>
<msg timestamp="20220621 22:42:33.375" level="INFO">POST Response : url=https://serverest.dev/usuarios 
 status=201, reason=Created 
 headers={'access-control-allow-origin': '*', 'x-dns-prefetch-control': 'off', 'x-frame-options': 'SAMEORIGIN', 'strict-transport-security': 'max-age=15552000; includeSubDomains', 'x-download-options': 'noopen', 'x-content-type-options': 'nosniff', 'x-xss-protection': '1; mode=block', 'x-moesif-transaction-id': '828e8f3b-656d-4b57-b979-fb5d899ae2e6', 'content-type': 'application/json; charset=utf-8', 'X-Cloud-Trace-Context': '1bd067ae0b7c1097abd39a60f2b227ae', 'Date': 'Wed, 22 Jun 2022 01:42:33 GMT', 'Server': 'Google Frontend', 'Content-Length': '82'} 
 body={
    "message": "Cadastro realizado com sucesso",
    "_id": "gqP6d4xoSzQqlDFO"
} 
 </msg>
<msg timestamp="20220621 22:42:33.375" level="INFO">${response} = &lt;Response [201]&gt;</msg>
<status status="PASS" starttime="20220621 22:42:32.840" endtime="20220621 22:42:33.375"/>
</kw>
<kw name="Set Test Variable" library="BuiltIn">
<arg>${response}</arg>
<doc>Makes a variable available everywhere within the scope of the current test.</doc>
<msg timestamp="20220621 22:42:33.377" level="INFO">${response} = &lt;Response [201]&gt;</msg>
<status status="PASS" starttime="20220621 22:42:33.376" endtime="20220621 22:42:33.377"/>
</kw>
<kw name="Set Test Variable" library="BuiltIn">
<arg>${response_body}</arg>
<arg>${response.json()}</arg>
<doc>Makes a variable available everywhere within the scope of the current test.</doc>
<msg timestamp="20220621 22:42:33.382" level="INFO">${response_body} = {'message': 'Cadastro realizado com sucesso', '_id': 'gqP6d4xoSzQqlDFO'}</msg>
<status status="PASS" starttime="20220621 22:42:33.378" endtime="20220621 22:42:33.382"/>
</kw>
<status status="PASS" starttime="20220621 22:42:32.840" endtime="20220621 22:42:33.383"/>
</kw>
<kw name="Validar Status Code &quot;201&quot;" library="resource" sourcename="Validar Status Code &quot;${statuscode}&quot;">
<kw name="Should Be True" library="BuiltIn">
<arg>${response.status_code} == ${statuscode}</arg>
<doc>Fails if the given condition is not true.</doc>
<status status="PASS" starttime="20220621 22:42:33.386" endtime="20220621 22:42:33.390"/>
</kw>
<status status="PASS" starttime="20220621 22:42:33.385" endtime="20220621 22:42:33.391"/>
</kw>
<kw name="Validar Mensagem &quot;Cadastro realizado com sucesso&quot;" library="resource" sourcename="Validar Mensagem &quot;${mensagem}&quot;">
<kw name="Should Be Equal" library="BuiltIn">
<arg>${response_body['message']}</arg>
<arg>${mensagem}</arg>
<doc>Fails if the given objects are unequal.</doc>
<status status="PASS" starttime="20220621 22:42:33.393" endtime="20220621 22:42:33.396"/>
</kw>
<status status="PASS" starttime="20220621 22:42:33.392" endtime="20220621 22:42:33.397"/>
</kw>
<tag>Cadastrar</tag>
<tag>Cadastrar_Usuario</tag>
<tag>POST</tag>
<status status="PASS" starttime="20220621 22:42:32.836" endtime="20220621 22:42:33.398"/>
</test>
<test id="s1-s2-t3" name="Cenario: Cadastrar Um Usuario Com Email Ja Cadastrado" line="25">
<kw name="Criar Sessao" library="resource" type="SETUP">
<kw name="Create Session" library="RequestsLibrary">
<arg>serverest</arg>
<arg>${url}</arg>
<arg>verify=true</arg>
<doc>Create Session: create a HTTP session to a server</doc>
<msg timestamp="20220621 22:42:33.407" level="INFO">Creating Session using : alias=serverest, url=https://serverest.dev, headers={},                     cookies={}, auth=None, timeout=None, proxies=None, verify=True,                     debug=0 </msg>
<status status="PASS" starttime="20220621 22:42:33.406" endtime="20220621 22:42:33.408"/>
</kw>
<status status="PASS" starttime="20220621 22:42:33.405" endtime="20220621 22:42:33.409"/>
</kw>
<kw name="Gerar Usuario Com Email Ja Cadastrado" library="usuarios_keywords">
<var>${usuario}</var>
<kw name="Gerar Dados Do Novo Usuario Administrador &quot;false&quot;" library="usuarios_keywords" sourcename="Gerar Dados Do Novo Usuario Administrador &quot;${administrador}&quot;">
<var>${usuario}</var>
<kw name="Name" library="FakerLibrary">
<var>${nome}</var>
<doc>:example 'John Doe'</doc>
<msg timestamp="20220621 22:42:33.414" level="INFO">${nome} = Gene Johnson</msg>
<status status="PASS" starttime="20220621 22:42:33.413" endtime="20220621 22:42:33.415"/>
</kw>
<kw name="Email" library="FakerLibrary">
<var>${email}</var>
<msg timestamp="20220621 22:42:33.416" level="INFO">${email} = yvette91@example.com</msg>
<status status="PASS" starttime="20220621 22:42:33.415" endtime="20220621 22:42:33.416"/>
</kw>
<kw name="Password" library="FakerLibrary">
<var>${senha}</var>
<doc>Generate a random password of the specified ``length``.</doc>
<msg timestamp="20220621 22:42:33.417" level="INFO">${senha} = k8FXYyUo_Y</msg>
<status status="PASS" starttime="20220621 22:42:33.417" endtime="20220621 22:42:33.418"/>
</kw>
<kw name="Create Dictionary" library="BuiltIn">
<var>&amp;{usuario}</var>
<arg>nome=${nome}</arg>
<arg>email=${email}</arg>
<arg>password=${senha}</arg>
<arg>administrador=${administrador}</arg>
<doc>Creates and returns a dictionary based on the given ``items``.</doc>
<msg timestamp="20220621 22:42:33.421" level="INFO">&amp;{usuario} = { nome=Gene Johnson | email=yvette91@example.com | password=k8FXYyUo_Y | administrador=false }</msg>
<status status="PASS" starttime="20220621 22:42:33.418" endtime="20220621 22:42:33.421"/>
</kw>
<msg timestamp="20220621 22:42:33.422" level="INFO">${usuario} = {'nome': 'Gene Johnson', 'email': 'yvette91@example.com', 'password': 'k8FXYyUo_Y', 'administrador': 'false'}</msg>
<status status="PASS" starttime="20220621 22:42:33.411" endtime="20220621 22:42:33.423"/>
</kw>
<kw name="GET Usuario Valido" library="usuarios_keywords">
<var>${usuario_ja_cadastrado}</var>
<kw name="GET Endpoint &quot;/usuarios&quot;" library="resource" sourcename="GET Endpoint &quot;${endpoint}&quot;">
<kw name="GET On Session" library="RequestsLibrary">
<var>${response}</var>
<arg>serverest</arg>
<arg>${endpoint}</arg>
<arg>expected_status=any</arg>
<doc>Sends a GET request on a previously created HTTP Session.</doc>
<msg timestamp="20220621 22:42:34.275" level="INFO">GET Request : url=https://serverest.dev/usuarios 
 path_url=/usuarios 
 headers={'User-Agent': 'python-requests/2.28.0', 'Accept-Encoding': 'gzip, deflate', 'Accept': '*/*', 'Connection': 'keep-alive'} 
 body=None 
 </msg>
<msg timestamp="20220621 22:42:34.276" level="INFO">GET Response : url=https://serverest.dev/usuarios 
 status=200, reason=OK 
 headers={'access-control-allow-origin': '*', 'x-dns-prefetch-control': 'off', 'x-frame-options': 'SAMEORIGIN', 'strict-transport-security': 'max-age=15552000; includeSubDomains', 'x-download-options': 'noopen', 'x-content-type-options': 'nosniff', 'x-xss-protection': '1; mode=block', 'x-moesif-transaction-id': 'd2e3a5c7-3f23-46b1-b8a1-c4e92cbc070d', 'content-type': 'application/json; charset=utf-8', 'X-Cloud-Trace-Context': 'd08d47c0ee251484f3c46ff63b1895a7', 'Date': 'Wed, 22 Jun 2022 01:42:33 GMT', 'Server': 'Google Frontend', 'Content-Length': '129395'} 
 body={
    "quantidade": 573,
    "usuarios": [
        {
            "nome": "Karen Campos",
            "email": "huertadavid@example.org",
            "password": "#v8RYexhW8",
            "administrador": "false",
            "_id": "0fHa2TSiHJL840aa"
        },
        {
            "nome": "Silvana Franco Filho",
            "email": "Gislaine_Batista47@yahoo.com",
            "password": "YKdEbGMChx3f_uN",
            "administrador": "true",
            "_id": "0gPQGm0k3fJ4vtlI"
        },
        {
            "nome": "Moacir Albuquerque",
            "email": "Marilis.Braga@live.com",
            "password": "tM3dKMCQuGKWGAa",
            "administrador": "true",
            "_id": "0sHOB7EJhjBSe3B6"
        },
        {
            "nome": "Mariano Macedo",
            "email": "testing.Eduardo67@gmail.com",
            "password": "UvrAtTLqrrXH91m",
            "administrador": "false",
            "_id": "0wO53s9q3dg17jvv"
        },
        {
            "nome": "Angelisio Santos",
            "email": "Milena49@live.com",
            "password": "txLtLCMmfdMNIG5",
            "administrador": "true",
            "_id": "13IfBE5pYlEEVC0T"
        },
        {
            "nome": "Jason Suarez",
            "email": "wsteele@example.org",
            "password": "0xpj&amp;Qdd!0",
            "administrador": "true",
            "_id": "17AZ48RTMVcIlapm"
        },
        {
            "nome": "Ingrid santos",
            "email": "Aniya47@yahoo.com",
            "password": "ZNfT2SF488ZOSke",
            "administrador": "true",
            "_id": "18fKTpH4Uhxinpbp"
        },
        {
            "nome": "Helena Costa",
            "email": "Elci74@live.com",
            "password": "p3WoLphoLreOcvf",
            "administrador": "true",
            "_id": "1FvLiqkxar5gVMB7"
        },
        {
            "nome": "{{nome}}",
            "email": "Annalise@qa.com.br",
            "password": "DJvZZLeIrsJE4Gp",
            "administrador": "true",
            "_id": "1JLc5OqzJULmGodp"
        },
        {
            "nome": "Phillip Saraiva",
            "email": "Rosely.Macedo18@hotmail.com",
            "password": "u7ppUMAfIcXTCDR",
            "administrador": "true",
            "_id": "1R7ACQgr6kzrECTZ"
        },
        {
            "nome": "Tales Moreira",
            "email": "Rosely80@hotmail.com",
            "password": "uMdiw67lWFhoNv0",
            "administrador": "true",
            "_id": "1TDJ3gRXk0CAN8VR"
        },
        {
            "nome": "Venina Moreira",
            "email": "Otaviano_Xavier80@live.com",
            "password": "HdM8605H2p8baom",
            "administrador": "true",
            "_id": "1UkQdtDrevD7QioX"
        },
        {
            "nome": "Bruce Macedo",
            "email": "Malco_Costa82@yahoo.com",
            "password": "6j3oI2ye_bPkORl",
            "administrador": "true",
            "_id": "1bkDSy2SyRtD5y6H"
        },
        {
            "nome": "Clarice Oliveira",
            "email": "Izaurino.Costa@hotmail.com",
            "password": "mmDSS0gZ0IGSzXh",
            "administrador": "false",
            "_id": "1iHntPJmuGz7YskM"
        },
        {
            "nome": "Venscerlau Saraiva",
            "email": "Elma.Martins@hotmail.com",
            "password": "oxZFZB7ezS1Dpu9",
            "administrador": "true",
            "_id": "1tnzu1aJJMxvJmTP"
        },
        {
            "nome": "Dr. Creuza Costa",
            "email": "Katias_Oliveira76@bol.com.br",
            "password": "QV7UVlEKmZyoFKa",
            "administrador": "true",
            "_id": "1v2dwUnvjG0wmHQd"
        },
        {
            "nome": "Elcio Melo Neto",
            "email": "Regina_Xavier@gmail.com",
            "password": "r9ieXuUx3nXL1cn",
            "administrador": "false",
            "_id": "23YDuxA3hXdDnu44"
        },
        {
            "nome": "Luis Wuckert",
            "email": "Milan_Block@yahoo.com",
            "password": "ZnGBy_atNraPHmO",
            "administrador": "true",
            "_id": "2DDpGPCeWmAQWjsD"
        },
        {
            "nome": "Wilma Gutmann",
            "email": "Darron.Boehm43@gmail.com",
            "password": "NkukfTlvd2q5duu",
            "administrador": "false",
            "_id": "2EWxXXbkG0mWrm7r"
        },
        {
            "nome": "Tânia Braga",
            "email": "Aline37@bol.com.br",
            "password": "dqR0ctTSiajkbqe",
            "administrador": "true",
            "_id": "2U6WO54lVJi5Af2T"
        },
        {
            "nome": "Ilana Melo",
            "email": "Tomio22@hotmail.com",
            "password": "YOw3pPyimSkZdTG",
            "administrador": "true",
            "_id": "2UOMGMU6Thaa2Fo2"
        },
        {
            "nome": "Rolando Pereira",
            "email": "Anita_Costa49@live.com",
            "password": "EgXQ3eMeBTYPycI",
            "administrador": "true",
            "_id": "30ViCeNLEMK8eHOW"
        },
        {
            "nome": "Srta. Geny Souza",
            "email": "Mabilia.Macedo@hotmail.com",
            "password": "s3cTE4Lvchc_wWj",
            "administrador": "true",
            "_id": "33ClRQMJENncOpXJ"
        },
        {
            "nome": "Dr. Djackson Souza",
            "email": "Virgnia.Moraes@live.com",
            "password": "cpW04_Hxlu3wxVy",
            "administrador": "true",
            "_id": "36AfppgZX76ETXLP"
        },
        {
            "nome": "Gláucia Reis",
            "email": "Enithevaldo_Reis73@gmail.com",
            "password": "LYr6_FHdyDfgwx0",
            "administrador": "false",
            "_id": "3IV3YVBMd6YGWUCq"
        },
        {
            "nome": "Mrs. Thelma Macejkovic",
            "email": "Deanna_Christiansen@yahoo.com",
            "password": "VZyTzuAFCF8ofzz",
            "administrador": "true",
            "_id": "3TkCGiuD09W0j1OH"
        },
        {
            "nome": "Marcilia.Braga",
            "email": "Mrcia23@live.com",
            "password": "6YFDayLYvVG325j",
            "administrador": "true",
            "_id": "3Uuf3wEEfSlsMyOZ"
        },
        {
            "nome": "Stella Spencer",
            "email": "Pedro96@hotmail.com",
            "password": "hI6AjIXAlGbYjvL",
            "administrador": "true",
            "_id": "3fPXcJLp1njmjWTc"
        },
        {
            "nome": "Marinês Martins",
            "email": "Glacir_Macedo@hotmail.com",
            "password": "JdZbXgYyxx2bvbG",
            "administrador": "true",
            "_id": "3rUXkfDU23AfPjsZ"
        },
        {
            "nome": "Dr. Edney Moraes",
            "email": "Elenilza.Franco@bol.com.br",
            "password": "vnnKUbS0K6RKFxs",
            "administrador": "true",
            "_id": "3va0VekIgxrmiIyJ"
        },
        {
            "nome": "Edileuza Barros",
            "email": "Diniz.Costa@hotmail.com",
            "password": "ZyEm_s2_8qv943I",
            "administrador": "true",
            "_id": "3yf8xxT3whZ14cxP"
        },
        {
            "nome": "Jeffrey Warner",
            "email": "zachary94@example.org",
            "password": "6mbAibwb%I",
            "administrador": "false",
            "_id": "3yhvOM9jaMMvN5Gw"
        },
        {
            "nome": "Clenio Reis",
            "email": "Ivani73@live.com",
            "password": "hIoJBCVxKo1GWdC",
            "administrador": "true",
            "_id": "40IWnwOEvBRIXFGW"
        },
        {
            "nome": "Louise Barros",
            "email": "Cleiton9@hotmail.com",
            "password": "pxTVsQZga5LL3nk",
            "administrador": "true",
            "_id": "4GCgoCzMFbueKvd8"
        },
        {
            "nome": "Edvando Pereira",
            "email": "testing.Erdice_Silva89@bol.com.br",
            "password": "ucqlYd2rw9gorKx",
            "administrador": "true",
            "_id": "4INcX4NwZYWu4YhW"
        },
        {
            "nome": "Vilma Costa",
            "email": "testing.Kiyoko.Reis82@yahoo.com",
            "password": "bV6LOhF1RGS_K4V",
            "administrador": "false",
            "_id": "4KPDux9sex0XOHtw"
        },
        {
            "nome": "Roknei Melo",
            "email": "Nercy.Moreira52@hotmail.com",
            "password": "1XpJfNhj_N_owZ8",
            "administrador": "true",
            "_id": "4LrpLDR19CvsSpkj"
        },
        {
            "nome": "Patty Harris",
            "email": "Earline3@yahoo.com",
            "password": "i8liolXcjbqW9pt",
            "administrador": "true",
            "_id": "4PDtkkYWnCEr5TEM"
        },
        {
            "nome": "Salvador Klein",
            "email": "Daphney.Windler@gmail.com",
            "password": "OVSn7eA9ebq9W_C",
            "administrador": "false",
            "_id": "4ol0w7mSLqHObi51"
        },
        {
            "nome": "Cláudia Saraiva",
            "email": "Mabilia.Souza@gmail.com",
            "password": "a5F95cH1uecNAmA",
            "administrador": "true",
            "_id": "4u13ZMjinlKfucaa"
        },
        {
            "nome": "Valmira Xavier Filho",
            "email": "Erick.Moraes19@live.com",
            "password": "XcTt4LEDr4oXypv",
            "administrador": "true",
            "_id": "4xAKvSPznphSXQIH"
        },
        {
            "nome": "Ealton Braga Neto",
            "email": "testing.Kazumi.Albuquerque@gmail.com",
            "password": "isXM7o3judkMb8Z",
            "administrador": "true",
            "_id": "4zYuuLlxJQbNbADC"
        },
        {
            "nome": "Sr. Geazi Barros",
            "email": "Thaisa.Moreira46@gmail.com",
            "password": "OJpBTTkeHRJJ3sH",
            "administrador": "true",
            "_id": "59xO4bi38EfvvTcp"
        },
        {
            "nome": "Herbert Santos",
            "email": "Crispim62@hotmail.com",
            "password": "h59We0PjWse8zWs",
            "administrador": "true",
            "_id": "5K7zITXyChuW1wrf"
        },
        {
            "nome": "Margaret... (set the log level to DEBUG or TRACE to see the full content) 
 </msg>
<msg timestamp="20220621 22:42:34.278" level="INFO">${response} = &lt;Response [200]&gt;</msg>
<status status="PASS" starttime="20220621 22:42:33.425" endtime="20220621 22:42:34.278"/>
</kw>
<kw name="Set Test Variable" library="BuiltIn">
<arg>${response}</arg>
<doc>Makes a variable available everywhere within the scope of the current test.</doc>
<msg timestamp="20220621 22:42:34.280" level="INFO">${response} = &lt;Response [200]&gt;</msg>
<status status="PASS" starttime="20220621 22:42:34.278" endtime="20220621 22:42:34.280"/>
</kw>
<kw name="Set Test Variable" library="BuiltIn">
<arg>${response_body}</arg>
<arg>${response.json()}</arg>
<doc>Makes a variable available everywhere within the scope of the current test.</doc>
<msg timestamp="20220621 22:42:34.294" level="INFO">${response_body} = {'quantidade': 573, 'usuarios': [{'nome': 'Karen Campos', 'email': 'huertadavid@example.org', 'password': '#v8RYexhW8', 'administrador': 'false', '_id': '0fHa2TSiHJL840aa'}, {'nome': 'Silvana Franco F...</msg>
<status status="PASS" starttime="20220621 22:42:34.280" endtime="20220621 22:42:34.294"/>
</kw>
<status status="PASS" starttime="20220621 22:42:33.424" endtime="20220621 22:42:34.295"/>
</kw>
<kw name="Validar Quantidade de Usuarios &gt; 0" library="usuarios_keywords" sourcename="Validar Quantidade De Usuarios ${operador} ${quantidade}">
<kw name="Should Be True" library="BuiltIn">
<arg>${response_body['quantidade']} ${operador} ${quantidade}</arg>
<doc>Fails if the given condition is not true.</doc>
<status status="PASS" starttime="20220621 22:42:34.296" endtime="20220621 22:42:34.299"/>
</kw>
<status status="PASS" starttime="20220621 22:42:34.295" endtime="20220621 22:42:34.300"/>
</kw>
<msg timestamp="20220621 22:42:34.302" level="INFO">${usuario_ja_cadastrado} = {'nome': 'Karen Campos', 'email': 'huertadavid@example.org', 'password': '#v8RYexhW8', 'administrador': 'false', '_id': '0fHa2TSiHJL840aa'}</msg>
<status status="PASS" starttime="20220621 22:42:33.423" endtime="20220621 22:42:34.302"/>
</kw>
<kw name="Set To Dictionary" library="Collections">
<arg>${usuario}</arg>
<arg>email=${usuario_ja_cadastrado['email']}</arg>
<doc>Adds the given ``key_value_pairs`` and ``items`` to the ``dictionary``.</doc>
<status status="PASS" starttime="20220621 22:42:34.302" endtime="20220621 22:42:34.305"/>
</kw>
<msg timestamp="20220621 22:42:34.306" level="INFO">${usuario} = {'nome': 'Gene Johnson', 'email': 'huertadavid@example.org', 'password': 'k8FXYyUo_Y', 'administrador': 'false'}</msg>
<status status="PASS" starttime="20220621 22:42:33.410" endtime="20220621 22:42:34.306"/>
</kw>
<kw name="POST Endpoint &quot;/usuarios&quot; Com Body &quot;${usuario}&quot;" library="resource" sourcename="POST Endpoint &quot;${endpoint}&quot; Com Body &quot;${body}&quot;">
<kw name="POST On Session" library="RequestsLibrary">
<var>${response}</var>
<arg>serverest</arg>
<arg>${endpoint}</arg>
<arg>data=${body}</arg>
<arg>expected_status=any</arg>
<doc>Sends a POST request on a previously created HTTP Session.</doc>
<msg timestamp="20220621 22:42:34.524" level="INFO">POST Request : url=https://serverest.dev/usuarios 
 path_url=/usuarios 
 headers={'User-Agent': 'python-requests/2.28.0', 'Accept-Encoding': 'gzip, deflate', 'Accept': '*/*', 'Connection': 'keep-alive', 'Content-Length': '89', 'Content-Type': 'application/x-www-form-urlencoded'} 
 body=nome=Gene+Johnson&amp;email=huertadavid%40example.org&amp;password=k8FXYyUo_Y&amp;administrador=false 
 </msg>
<msg timestamp="20220621 22:42:34.524" level="INFO">POST Response : url=https://serverest.dev/usuarios 
 status=400, reason=Bad Request 
 headers={'access-control-allow-origin': '*', 'x-dns-prefetch-control': 'off', 'x-frame-options': 'SAMEORIGIN', 'strict-transport-security': 'max-age=15552000; includeSubDomains', 'x-download-options': 'noopen', 'x-content-type-options': 'nosniff', 'x-xss-protection': '1; mode=block', 'x-moesif-transaction-id': '06e823ce-4f27-4129-8cce-27841d4b59fa', 'content-type': 'application/json; charset=utf-8', 'X-Cloud-Trace-Context': '7e991d7dc3ea04c9e292214c414b0c6c', 'Date': 'Wed, 22 Jun 2022 01:42:34 GMT', 'Server': 'Google Frontend', 'Content-Length': '53'} 
 body={
    "message": "Este email já está sendo usado"
} 
 </msg>
<msg timestamp="20220621 22:42:34.524" level="INFO">${response} = &lt;Response [400]&gt;</msg>
<status status="PASS" starttime="20220621 22:42:34.309" endtime="20220621 22:42:34.524"/>
</kw>
<kw name="Set Test Variable" library="BuiltIn">
<arg>${response}</arg>
<doc>Makes a variable available everywhere within the scope of the current test.</doc>
<msg timestamp="20220621 22:42:34.526" level="INFO">${response} = &lt;Response [400]&gt;</msg>
<status status="PASS" starttime="20220621 22:42:34.525" endtime="20220621 22:42:34.526"/>
</kw>
<kw name="Set Test Variable" library="BuiltIn">
<arg>${response_body}</arg>
<arg>${response.json()}</arg>
<doc>Makes a variable available everywhere within the scope of the current test.</doc>
<msg timestamp="20220621 22:42:34.534" level="INFO">${response_body} = {'message': 'Este email já está sendo usado'}</msg>
<status status="PASS" starttime="20220621 22:42:34.527" endtime="20220621 22:42:34.534"/>
</kw>
<status status="PASS" starttime="20220621 22:42:34.308" endtime="20220621 22:42:34.535"/>
</kw>
<kw name="Validar Status Code &quot;400&quot;" library="resource" sourcename="Validar Status Code &quot;${statuscode}&quot;">
<kw name="Should Be True" library="BuiltIn">
<arg>${response.status_code} == ${statuscode}</arg>
<doc>Fails if the given condition is not true.</doc>
<status status="PASS" starttime="20220621 22:42:34.538" endtime="20220621 22:42:34.542"/>
</kw>
<status status="PASS" starttime="20220621 22:42:34.537" endtime="20220621 22:42:34.542"/>
</kw>
<kw name="Validar Mensagem &quot;Este email já está sendo usado&quot;" library="resource" sourcename="Validar Mensagem &quot;${mensagem}&quot;">
<kw name="Should Be Equal" library="BuiltIn">
<arg>${response_body['message']}</arg>
<arg>${mensagem}</arg>
<doc>Fails if the given objects are unequal.</doc>
<status status="PASS" starttime="20220621 22:42:34.546" endtime="20220621 22:42:34.549"/>
</kw>
<status status="PASS" starttime="20220621 22:42:34.544" endtime="20220621 22:42:34.550"/>
</kw>
<tag>Cadastrar</tag>
<tag>Cadastrar_Usuario_Email_Ja_Utilizado</tag>
<tag>POST</tag>
<status status="PASS" starttime="20220621 22:42:33.403" endtime="20220621 22:42:34.551"/>
</test>
<test id="s1-s2-t4" name="Cenario: Cadastrar Um Usuario Sem Nome" line="34">
<kw name="Criar Sessao" library="resource" type="SETUP">
<kw name="Create Session" library="RequestsLibrary">
<arg>serverest</arg>
<arg>${url}</arg>
<arg>verify=true</arg>
<doc>Create Session: create a HTTP session to a server</doc>
<msg timestamp="20220621 22:42:34.560" level="INFO">Creating Session using : alias=serverest, url=https://serverest.dev, headers={},                     cookies={}, auth=None, timeout=None, proxies=None, verify=True,                     debug=0 </msg>
<status status="PASS" starttime="20220621 22:42:34.559" endtime="20220621 22:42:34.561"/>
</kw>
<status status="PASS" starttime="20220621 22:42:34.558" endtime="20220621 22:42:34.562"/>
</kw>
<kw name="Gerar Usuario Sem O Campo &quot;nome&quot;" library="usuarios_keywords" sourcename="Gerar Usuario Sem O Campo &quot;${parametro}&quot;">
<var>${usuario}</var>
<kw name="Gerar Dados Do Novo Usuario Administrador &quot;false&quot;" library="usuarios_keywords" sourcename="Gerar Dados Do Novo Usuario Administrador &quot;${administrador}&quot;">
<var>${usuario}</var>
<kw name="Name" library="FakerLibrary">
<var>${nome}</var>
<doc>:example 'John Doe'</doc>
<msg timestamp="20220621 22:42:34.569" level="INFO">${nome} = Audrey Simmons</msg>
<status status="PASS" starttime="20220621 22:42:34.567" endtime="20220621 22:42:34.569"/>
</kw>
<kw name="Email" library="FakerLibrary">
<var>${email}</var>
<msg timestamp="20220621 22:42:34.571" level="INFO">${email} = eric96@example.com</msg>
<status status="PASS" starttime="20220621 22:42:34.569" endtime="20220621 22:42:34.571"/>
</kw>
<kw name="Password" library="FakerLibrary">
<var>${senha}</var>
<doc>Generate a random password of the specified ``length``.</doc>
<msg timestamp="20220621 22:42:34.572" level="INFO">${senha} = 7s7Yt#dE&amp;N</msg>
<status status="PASS" starttime="20220621 22:42:34.571" endtime="20220621 22:42:34.572"/>
</kw>
<kw name="Create Dictionary" library="BuiltIn">
<var>&amp;{usuario}</var>
<arg>nome=${nome}</arg>
<arg>email=${email}</arg>
<arg>password=${senha}</arg>
<arg>administrador=${administrador}</arg>
<doc>Creates and returns a dictionary based on the given ``items``.</doc>
<msg timestamp="20220621 22:42:34.575" level="INFO">&amp;{usuario} = { nome=Audrey Simmons | email=eric96@example.com | password=7s7Yt#dE&amp;N | administrador=false }</msg>
<status status="PASS" starttime="20220621 22:42:34.573" endtime="20220621 22:42:34.575"/>
</kw>
<msg timestamp="20220621 22:42:34.576" level="INFO">${usuario} = {'nome': 'Audrey Simmons', 'email': 'eric96@example.com', 'password': '7s7Yt#dE&amp;N', 'administrador': 'false'}</msg>
<status status="PASS" starttime="20220621 22:42:34.566" endtime="20220621 22:42:34.576"/>
</kw>
<kw name="Remove From Dictionary" library="Collections">
<arg>${usuario}</arg>
<arg>${parametro}</arg>
<doc>Removes the given ``keys`` from the ``dictionary``.</doc>
<msg timestamp="20220621 22:42:34.577" level="INFO">Removed item with key 'nome' and value 'Audrey Simmons'.</msg>
<status status="PASS" starttime="20220621 22:42:34.576" endtime="20220621 22:42:34.578"/>
</kw>
<msg timestamp="20220621 22:42:34.579" level="INFO">${usuario} = {'email': 'eric96@example.com', 'password': '7s7Yt#dE&amp;N', 'administrador': 'false'}</msg>
<status status="PASS" starttime="20220621 22:42:34.564" endtime="20220621 22:42:34.579"/>
</kw>
<kw name="POST Endpoint &quot;/usuarios&quot; Com Body &quot;${usuario}&quot;" library="resource" sourcename="POST Endpoint &quot;${endpoint}&quot; Com Body &quot;${body}&quot;">
<kw name="POST On Session" library="RequestsLibrary">
<var>${response}</var>
<arg>serverest</arg>
<arg>${endpoint}</arg>
<arg>data=${body}</arg>
<arg>expected_status=any</arg>
<doc>Sends a POST request on a previously created HTTP Session.</doc>
<msg timestamp="20220621 22:42:35.430" level="INFO">POST Request : url=https://serverest.dev/usuarios 
 path_url=/usuarios 
 headers={'User-Agent': 'python-requests/2.28.0', 'Accept-Encoding': 'gzip, deflate', 'Accept': '*/*', 'Connection': 'keep-alive', 'Content-Length': '70', 'Content-Type': 'application/x-www-form-urlencoded'} 
 body=email=eric96%40example.com&amp;password=7s7Yt%23dE%26N&amp;administrador=false 
 </msg>
<msg timestamp="20220621 22:42:35.430" level="INFO">POST Response : url=https://serverest.dev/usuarios 
 status=400, reason=Bad Request 
 headers={'access-control-allow-origin': '*', 'x-dns-prefetch-control': 'off', 'x-frame-options': 'SAMEORIGIN', 'strict-transport-security': 'max-age=15552000; includeSubDomains', 'x-download-options': 'noopen', 'x-content-type-options': 'nosniff', 'x-xss-protection': '1; mode=block', 'x-moesif-transaction-id': '69556615-8ffa-4834-a70f-474a91594d17', 'content-type': 'application/json; charset=utf-8', 'X-Cloud-Trace-Context': 'fc0cea7148c262b56ea8877ce849a0bf', 'Date': 'Wed, 22 Jun 2022 01:42:35 GMT', 'Server': 'Google Frontend', 'Content-Length': '38'} 
 body={
    "nome": "nome é obrigatório"
} 
 </msg>
<msg timestamp="20220621 22:42:35.431" level="INFO">${response} = &lt;Response [400]&gt;</msg>
<status status="PASS" starttime="20220621 22:42:34.582" endtime="20220621 22:42:35.431"/>
</kw>
<kw name="Set Test Variable" library="BuiltIn">
<arg>${response}</arg>
<doc>Makes a variable available everywhere within the scope of the current test.</doc>
<msg timestamp="20220621 22:42:35.433" level="INFO">${response} = &lt;Response [400]&gt;</msg>
<status status="PASS" starttime="20220621 22:42:35.431" endtime="20220621 22:42:35.433"/>
</kw>
<kw name="Set Test Variable" library="BuiltIn">
<arg>${response_body}</arg>
<arg>${response.json()}</arg>
<doc>Makes a variable available everywhere within the scope of the current test.</doc>
<msg timestamp="20220621 22:42:35.438" level="INFO">${response_body} = {'nome': 'nome é obrigatório'}</msg>
<status status="PASS" starttime="20220621 22:42:35.433" endtime="20220621 22:42:35.438"/>
</kw>
<status status="PASS" starttime="20220621 22:42:34.581" endtime="20220621 22:42:35.438"/>
</kw>
<kw name="Validar Status Code &quot;400&quot;" library="resource" sourcename="Validar Status Code &quot;${statuscode}&quot;">
<kw name="Should Be True" library="BuiltIn">
<arg>${response.status_code} == ${statuscode}</arg>
<doc>Fails if the given condition is not true.</doc>
<status status="PASS" starttime="20220621 22:42:35.442" endtime="20220621 22:42:35.446"/>
</kw>
<status status="PASS" starttime="20220621 22:42:35.441" endtime="20220621 22:42:35.447"/>
</kw>
<kw name="Validar &quot;nome&quot; Com O Valor &quot;nome é obrigatório&quot;" library="usuarios_keywords" sourcename="Validar &quot;${key}&quot; Com O Valor &quot;${value}&quot;">
<kw name="Should Be Equal" library="BuiltIn">
<arg>${response_body['${key}']}</arg>
<arg>${value}</arg>
<doc>Fails if the given objects are unequal.</doc>
<status status="PASS" starttime="20220621 22:42:35.450" endtime="20220621 22:42:35.452"/>
</kw>
<status status="PASS" starttime="20220621 22:42:35.448" endtime="20220621 22:42:35.453"/>
</kw>
<tag>Cadastrar</tag>
<tag>Cadastrar_Usuario_Sem_Nome</tag>
<tag>POST</tag>
<status status="PASS" starttime="20220621 22:42:34.556" endtime="20220621 22:42:35.454"/>
</test>
<test id="s1-s2-t5" name="Cenario: Cadastrar Um Usuario Sem Email" line="41">
<kw name="Criar Sessao" library="resource" type="SETUP">
<kw name="Create Session" library="RequestsLibrary">
<arg>serverest</arg>
<arg>${url}</arg>
<arg>verify=true</arg>
<doc>Create Session: create a HTTP session to a server</doc>
<msg timestamp="20220621 22:42:35.464" level="INFO">Creating Session using : alias=serverest, url=https://serverest.dev, headers={},                     cookies={}, auth=None, timeout=None, proxies=None, verify=True,                     debug=0 </msg>
<status status="PASS" starttime="20220621 22:42:35.463" endtime="20220621 22:42:35.465"/>
</kw>
<status status="PASS" starttime="20220621 22:42:35.462" endtime="20220621 22:42:35.465"/>
</kw>
<kw name="Gerar Usuario Sem O Campo &quot;email&quot;" library="usuarios_keywords" sourcename="Gerar Usuario Sem O Campo &quot;${parametro}&quot;">
<var>${usuario}</var>
<kw name="Gerar Dados Do Novo Usuario Administrador &quot;false&quot;" library="usuarios_keywords" sourcename="Gerar Dados Do Novo Usuario Administrador &quot;${administrador}&quot;">
<var>${usuario}</var>
<kw name="Name" library="FakerLibrary">
<var>${nome}</var>
<doc>:example 'John Doe'</doc>
<msg timestamp="20220621 22:42:35.471" level="INFO">${nome} = Melissa Coffey</msg>
<status status="PASS" starttime="20220621 22:42:35.469" endtime="20220621 22:42:35.471"/>
</kw>
<kw name="Email" library="FakerLibrary">
<var>${email}</var>
<msg timestamp="20220621 22:42:35.472" level="INFO">${email} = david83@example.com</msg>
[...]
            "email": "Enithevaldo_Reis73@gmail.com",
            "password": "LYr6_FHdyDfgwx0",
            "administrador": "false",
            "_id": "3IV3YVBMd6YGWUCq"
        },
        {
            "nome": "Mrs. Thelma Macejkovic",
            "email": "Deanna_Christiansen@yahoo.com",
            "password": "VZyTzuAFCF8ofzz",
            "administrador": "true",
            "_id": "3TkCGiuD09W0j1OH"
        },
        {
            "nome": "Marcilia.Braga",
            "email": "Mrcia23@live.com",
            "password": "6YFDayLYvVG325j",
            "administrador": "true",
            "_id": "3Uuf3wEEfSlsMyOZ"
        },
        {
            "nome": "Stella Spencer",
            "email": "Pedro96@hotmail.com",
            "password": "hI6AjIXAlGbYjvL",
            "administrador": "true",
            "_id": "3fPXcJLp1njmjWTc"
        },
        {
            "nome": "Marinês Martins",
            "email": "Glacir_Macedo@hotmail.com",
            "password": "JdZbXgYyxx2bvbG",
            "administrador": "true",
            "_id": "3rUXkfDU23AfPjsZ"
        },
        {
            "nome": "Dr. Edney Moraes",
            "email": "Elenilza.Franco@bol.com.br",
            "password": "vnnKUbS0K6RKFxs",
            "administrador": "true",
            "_id": "3va0VekIgxrmiIyJ"
        },
        {
            "nome": "Edileuza Barros",
            "email": "Diniz.Costa@hotmail.com",
            "password": "ZyEm_s2_8qv943I",
            "administrador": "true",
            "_id": "3yf8xxT3whZ14cxP"
        },
        {
            "nome": "Jeffrey Warner",
            "email": "zachary94@example.org",
            "password": "6mbAibwb%I",
            "administrador": "false",
            "_id": "3yhvOM9jaMMvN5Gw"
        },
        {
            "nome": "Clenio Reis",
            "email": "Ivani73@live.com",
            "password": "hIoJBCVxKo1GWdC",
            "administrador": "true",
            "_id": "40IWnwOEvBRIXFGW"
        },
        {
            "nome": "Chad Solomon",
            "email": "cgallagher@example.com",
            "password": "Ma6OE_gqy(",
            "administrador": "false",
            "_id": "47QojBj3EO0jZR2W"
        },
        {
            "nome": "Louise Barros",
            "email": "Cleiton9@hotmail.com",
            "password": "pxTVsQZga5LL3nk",
            "administrador": "true",
            "_id": "4GCgoCzMFbueKvd8"
        },
        {
            "nome": "Edvando Pereira",
            "email": "testing.Erdice_Silva89@bol.com.br",
            "password": "ucqlYd2rw9gorKx",
            "administrador": "true",
            "_id": "4INcX4NwZYWu4YhW"
        },
        {
            "nome": "Vilma Costa",
            "email": "testing.Kiyoko.Reis82@yahoo.com",
            "password": "bV6LOhF1RGS_K4V",
            "administrador": "false",
            "_id": "4KPDux9sex0XOHtw"
        },
        {
            "nome": "Roknei Melo",
            "email": "Nercy.Moreira52@hotmail.com",
            "password": "1XpJfNhj_N_owZ8",
            "administrador": "true",
            "_id": "4LrpLDR19CvsSpkj"
        },
        {
            "nome": "Patty Harris",
            "email": "Earline3@yahoo.com",
            "password": "i8liolXcjbqW9pt",
            "administrador": "true",
            "_id": "4PDtkkYWnCEr5TEM"
        },
        {
            "nome": "Salvador Klein",
            "email": "Daphney.Windler@gmail.com",
            "password": "OVSn7eA9ebq9W_C",
            "administrador": "false",
            "_id": "4ol0w7mSLqHObi51"
        },
        {
            "nome": "Cláudia Saraiva",
            "email": "Mabilia.Souza@gmail.com",
            "password": "a5F95cH1uecNAmA",
            "administrador": "true",
            "_id": "4u13ZMjinlKfucaa"
        },
        {
            "nome": "Valmira Xavier Filho",
            "email": "Erick.Moraes19@live.com",
            "password": "XcTt4LEDr4oXypv",
            "administrador": "true",
            "_id": "4xAKvSPznphSXQIH"
        },
        {
            "nome": "Ealton Braga Neto",
            "email": "testing.Kazumi.Albuquerque@gmail.com",
            "password": "isXM7o3judkMb8Z",
            "administrador": "true",
            "_id": "4zYuuLlxJQbNbADC"
        },
        {
            "nome": "Sr. Geazi Barros",
            "email": "Thaisa.Moreira46@gmail.com",
            "password": "OJpBTTkeHRJJ3sH",
            "administrador": "true",
            "_id": "59xO4bi38EfvvTcp"
        },
        {
            "nome": "Herbert Sa... (set the log level to DEBUG or TRACE to see the full content) 
 </msg>
<msg timestamp="20220621 22:42:43.498" level="INFO">${response} = &lt;Response [200]&gt;</msg>
<status status="PASS" starttime="20220621 22:42:42.652" endtime="20220621 22:42:43.498"/>
</kw>
<kw name="Set Test Variable" library="BuiltIn">
<arg>${response}</arg>
<doc>Makes a variable available everywhere within the scope of the current test.</doc>
<msg timestamp="20220621 22:42:43.500" level="INFO">${response} = &lt;Response [200]&gt;</msg>
<status status="PASS" starttime="20220621 22:42:43.499" endtime="20220621 22:42:43.500"/>
</kw>
<kw name="Set Test Variable" library="BuiltIn">
<arg>${response_body}</arg>
<arg>${response.json()}</arg>
<doc>Makes a variable available everywhere within the scope of the current test.</doc>
<msg timestamp="20220621 22:42:43.513" level="INFO">${response_body} = {'quantidade': 574, 'usuarios': [{'nome': 'Phyllis Ward', 'email': 'johnsongabriela@example.com', 'password': 'd7j9R$Be)$', 'administrador': 'true', '_id': '0fHa2TSiHJL840aa'}, {'nome': 'Silvana Franc...</msg>
<status status="PASS" starttime="20220621 22:42:43.501" endtime="20220621 22:42:43.514"/>
</kw>
<status status="PASS" starttime="20220621 22:42:42.651" endtime="20220621 22:42:43.514"/>
</kw>
<kw name="Validar Quantidade de Usuarios &gt; 0" library="usuarios_keywords" sourcename="Validar Quantidade De Usuarios ${operador} ${quantidade}">
<kw name="Should Be True" library="BuiltIn">
<arg>${response_body['quantidade']} ${operador} ${quantidade}</arg>
<doc>Fails if the given condition is not true.</doc>
<status status="PASS" starttime="20220621 22:42:43.516" endtime="20220621 22:42:43.519"/>
</kw>
<status status="PASS" starttime="20220621 22:42:43.515" endtime="20220621 22:42:43.519"/>
</kw>
<msg timestamp="20220621 22:42:43.521" level="INFO">${usuario} = {'nome': 'Phyllis Ward', 'email': 'johnsongabriela@example.com', 'password': 'd7j9R$Be)$', 'administrador': 'true', '_id': '0fHa2TSiHJL840aa'}</msg>
<status status="PASS" starttime="20220621 22:42:42.650" endtime="20220621 22:42:43.521"/>
</kw>
<kw name="DELETE Endpoint &quot;/usuarios/${usuario['_id']}&quot;" library="resource" sourcename="DELETE Endpoint &quot;${endpoint}&quot;">
<kw name="DELETE On Session" library="RequestsLibrary">
<var>${response}</var>
<arg>serverest</arg>
<arg>${endpoint}</arg>
<arg>expected_status=any</arg>
<doc>Sends a DELETE request on a previously created HTTP Session.</doc>
<msg timestamp="20220621 22:42:43.739" level="INFO">DELETE Request : url=https://serverest.dev/usuarios/0fHa2TSiHJL840aa 
 path_url=/usuarios/0fHa2TSiHJL840aa 
 headers={'User-Agent': 'python-requests/2.28.0', 'Accept-Encoding': 'gzip, deflate', 'Accept': '*/*', 'Connection': 'keep-alive', 'Content-Length': '0'} 
 body=None 
 </msg>
<msg timestamp="20220621 22:42:43.739" level="INFO">DELETE Response : url=https://serverest.dev/usuarios/0fHa2TSiHJL840aa 
 status=200, reason=OK 
 headers={'access-control-allow-origin': '*', 'x-dns-prefetch-control': 'off', 'x-frame-options': 'SAMEORIGIN', 'strict-transport-security': 'max-age=15552000; includeSubDomains', 'x-download-options': 'noopen', 'x-content-type-options': 'nosniff', 'x-xss-protection': '1; mode=block', 'x-moesif-transaction-id': 'e9b0d20a-4a75-44a1-ba6d-3a79b7aa4a94', 'content-type': 'application/json; charset=utf-8', 'X-Cloud-Trace-Context': '3b7158ddde278a321d31056fa0161507', 'Date': 'Wed, 22 Jun 2022 01:42:43 GMT', 'Server': 'Google Frontend', 'Content-Length': '51'} 
 body={
    "message": "Registro excluído com sucesso"
} 
 </msg>
<msg timestamp="20220621 22:42:43.740" level="INFO">${response} = &lt;Response [200]&gt;</msg>
<status status="PASS" starttime="20220621 22:42:43.526" endtime="20220621 22:42:43.740"/>
</kw>
<kw name="Set Test Variable" library="BuiltIn">
<arg>${response}</arg>
<doc>Makes a variable available everywhere within the scope of the current test.</doc>
<msg timestamp="20220621 22:42:43.742" level="INFO">${response} = &lt;Response [200]&gt;</msg>
<status status="PASS" starttime="20220621 22:42:43.741" endtime="20220621 22:42:43.742"/>
</kw>
<kw name="Set Test Variable" library="BuiltIn">
<arg>${response_body}</arg>
<arg>${response.json()}</arg>
<doc>Makes a variable available everywhere within the scope of the current test.</doc>
<msg timestamp="20220621 22:42:43.750" level="INFO">${response_body} = {'message': 'Registro excluído com sucesso'}</msg>
<status status="PASS" starttime="20220621 22:42:43.742" endtime="20220621 22:42:43.750"/>
</kw>
<status status="PASS" starttime="20220621 22:42:43.523" endtime="20220621 22:42:43.751"/>
</kw>
<kw name="Validar Status Code &quot;200&quot;" library="resource" sourcename="Validar Status Code &quot;${statuscode}&quot;">
<kw name="Should Be True" library="BuiltIn">
<arg>${response.status_code} == ${statuscode}</arg>
<doc>Fails if the given condition is not true.</doc>
<status status="PASS" starttime="20220621 22:42:43.754" endtime="20220621 22:42:43.758"/>
</kw>
<status status="PASS" starttime="20220621 22:42:43.753" endtime="20220621 22:42:43.758"/>
</kw>
<kw name="Validar Mensagem &quot;Registro excluído com sucesso&quot;" library="resource" sourcename="Validar Mensagem &quot;${mensagem}&quot;">
<kw name="Should Be Equal" library="BuiltIn">
<arg>${response_body['message']}</arg>
<arg>${mensagem}</arg>
<doc>Fails if the given objects are unequal.</doc>
<status status="PASS" starttime="20220621 22:42:43.761" endtime="20220621 22:42:43.764"/>
</kw>
<status status="PASS" starttime="20220621 22:42:43.760" endtime="20220621 22:42:43.765"/>
</kw>
<kw name="Validar Se O Usuario Foi Removido &quot;${usuario['_id']}&quot;" library="usuarios_keywords" sourcename="Validar Se O Usuario Foi Removido &quot;${usuario['_id']}&quot;">
<kw name="GET Endpoint &quot;/usuarios/${usuario['_id']}&quot;" library="resource" sourcename="GET Endpoint &quot;${endpoint}&quot;">
<kw name="GET On Session" library="RequestsLibrary">
<var>${response}</var>
<arg>serverest</arg>
<arg>${endpoint}</arg>
<arg>expected_status=any</arg>
<doc>Sends a GET request on a previously created HTTP Session.</doc>
<msg timestamp="20220621 22:42:43.986" level="INFO">GET Request : url=https://serverest.dev/usuarios/0fHa2TSiHJL840aa 
 path_url=/usuarios/0fHa2TSiHJL840aa 
 headers={'User-Agent': 'python-requests/2.28.0', 'Accept-Encoding': 'gzip, deflate', 'Accept': '*/*', 'Connection': 'keep-alive'} 
 body=None 
 </msg>
<msg timestamp="20220621 22:42:43.987" level="INFO">GET Response : url=https://serverest.dev/usuarios/0fHa2TSiHJL840aa 
 status=400, reason=Bad Request 
 headers={'access-control-allow-origin': '*', 'x-dns-prefetch-control': 'off', 'x-frame-options': 'SAMEORIGIN', 'strict-transport-security': 'max-age=15552000; includeSubDomains', 'x-download-options': 'noopen', 'x-content-type-options': 'nosniff', 'x-xss-protection': '1; mode=block', 'x-moesif-transaction-id': '836eebf8-23f9-4d98-8d01-4708e00f14c5', 'content-type': 'application/json; charset=utf-8', 'X-Cloud-Trace-Context': '31b8d41a1b437836f504a3f04bca3455', 'Date': 'Wed, 22 Jun 2022 01:42:43 GMT', 'Server': 'Google Frontend', 'Content-Length': '45'} 
 body={
    "message": "Usuário não encontrado"
} 
 </msg>
<msg timestamp="20220621 22:42:43.987" level="INFO">${response} = &lt;Response [400]&gt;</msg>
<status status="PASS" starttime="20220621 22:42:43.771" endtime="20220621 22:42:43.987"/>
</kw>
<kw name="Set Test Variable" library="BuiltIn">
<arg>${response}</arg>
<doc>Makes a variable available everywhere within the scope of the current test.</doc>
<msg timestamp="20220621 22:42:43.989" level="INFO">${response} = &lt;Response [400]&gt;</msg>
<status status="PASS" starttime="20220621 22:42:43.988" endtime="20220621 22:42:43.989"/>
</kw>
<kw name="Set Test Variable" library="BuiltIn">
<arg>${response_body}</arg>
<arg>${response.json()}</arg>
<doc>Makes a variable available everywhere within the scope of the current test.</doc>
<msg timestamp="20220621 22:42:43.992" level="INFO">${response_body} = {'message': 'Usuário não encontrado'}</msg>
<status status="PASS" starttime="20220621 22:42:43.989" endtime="20220621 22:42:43.992"/>
</kw>
<status status="PASS" starttime="20220621 22:42:43.769" endtime="20220621 22:42:43.993"/>
</kw>
<kw name="Should Be Equal" library="BuiltIn">
<arg>${response_body['message']}</arg>
<arg>Usuário não encontrado</arg>
<doc>Fails if the given objects are unequal.</doc>
<status status="PASS" starttime="20220621 22:42:43.993" endtime="20220621 22:42:43.996"/>
</kw>
<status status="PASS" starttime="20220621 22:42:43.766" endtime="20220621 22:42:43.996"/>
</kw>
<tag>Deletar_Usuario_Cadastrado</tag>
<tag>DELETE</tag>
<status status="PASS" starttime="20220621 22:42:42.643" endtime="20220621 22:42:43.998"/>
</test>
<test id="s1-s4-t2" name="Cenario: Deletar Usuario Nao Cadastrado" line="18">
<kw name="Criar Sessao" library="resource" type="SETUP">
<kw name="Create Session" library="RequestsLibrary">
<arg>serverest</arg>
<arg>${url}</arg>
<arg>verify=true</arg>
<doc>Create Session: create a HTTP session to a server</doc>
<msg timestamp="20220621 22:42:44.008" level="INFO">Creating Session using : alias=serverest, url=https://serverest.dev, headers={},                     cookies={}, auth=None, timeout=None, proxies=None, verify=True,                     debug=0 </msg>
<status status="PASS" starttime="20220621 22:42:44.007" endtime="20220621 22:42:44.009"/>
</kw>
<status status="PASS" starttime="20220621 22:42:44.005" endtime="20220621 22:42:44.009"/>
</kw>
<kw name="DELETE Endpoint &quot;/usuarios/${usuario_nao_cadastrado}&quot;" library="resource" sourcename="DELETE Endpoint &quot;${endpoint}&quot;">
<kw name="DELETE On Session" library="RequestsLibrary">
<var>${response}</var>
<arg>serverest</arg>
<arg>${endpoint}</arg>
<arg>expected_status=any</arg>
<doc>Sends a DELETE request on a previously created HTTP Session.</doc>
<msg timestamp="20220621 22:42:44.515" level="INFO">DELETE Request : url=https://serverest.dev/usuarios/NaoExisto 
 path_url=/usuarios/NaoExisto 
 headers={'User-Agent': 'python-requests/2.28.0', 'Accept-Encoding': 'gzip, deflate', 'Accept': '*/*', 'Connection': 'keep-alive', 'Content-Length': '0'} 
 body=None 
 </msg>
<msg timestamp="20220621 22:42:44.516" level="INFO">DELETE Response : url=https://serverest.dev/usuarios/NaoExisto 
 status=200, reason=OK 
 headers={'access-control-allow-origin': '*', 'x-dns-prefetch-control': 'off', 'x-frame-options': 'SAMEORIGIN', 'strict-transport-security': 'max-age=15552000; includeSubDomains', 'x-download-options': 'noopen', 'x-content-type-options': 'nosniff', 'x-xss-protection': '1; mode=block', 'x-moesif-transaction-id': '590d5d8a-103b-4e4a-a648-04852fa85e9c', 'content-type': 'application/json; charset=utf-8', 'X-Cloud-Trace-Context': 'c856b3e31166cb31178abca2761c0baf', 'Date': 'Wed, 22 Jun 2022 01:42:44 GMT', 'Server': 'Google Frontend', 'Content-Length': '46'} 
 body={
    "message": "Nenhum registro excluído"
} 
 </msg>
<msg timestamp="20220621 22:42:44.516" level="INFO">${response} = &lt;Response [200]&gt;</msg>
<status status="PASS" starttime="20220621 22:42:44.013" endtime="20220621 22:42:44.516"/>
</kw>
<kw name="Set Test Variable" library="BuiltIn">
<arg>${response}</arg>
<doc>Makes a variable available everywhere within the scope of the current test.</doc>
<msg timestamp="20220621 22:42:44.518" level="INFO">${response} = &lt;Response [200]&gt;</msg>
<status status="PASS" starttime="20220621 22:42:44.517" endtime="20220621 22:42:44.518"/>
</kw>
<kw name="Set Test Variable" library="BuiltIn">
<arg>${response_body}</arg>
<arg>${response.json()}</arg>
<doc>Makes a variable available everywhere within the scope of the current test.</doc>
<msg timestamp="20220621 22:42:44.523" level="INFO">${response_body} = {'message': 'Nenhum registro excluído'}</msg>
<status status="PASS" starttime="20220621 22:42:44.519" endtime="20220621 22:42:44.523"/>
</kw>
<status status="PASS" starttime="20220621 22:42:44.011" endtime="20220621 22:42:44.524"/>
</kw>
<kw name="Validar Status Code &quot;200&quot;" library="resource" sourcename="Validar Status Code &quot;${statuscode}&quot;">
<kw name="Should Be True" library="BuiltIn">
<arg>${response.status_code} == ${statuscode}</arg>
<doc>Fails if the given condition is not true.</doc>
<status status="PASS" starttime="20220621 22:42:44.527" endtime="20220621 22:42:44.531"/>
</kw>
<status status="PASS" starttime="20220621 22:42:44.526" endtime="20220621 22:42:44.531"/>
</kw>
<kw name="Validar Mensagem &quot;Nenhum registro excluído&quot;" library="resource" sourcename="Validar Mensagem &quot;${mensagem}&quot;">
<kw name="Should Be Equal" library="BuiltIn">
<arg>${response_body['message']}</arg>
<arg>${mensagem}</arg>
<doc>Fails if the given objects are unequal.</doc>
<status status="PASS" starttime="20220621 22:42:44.534" endtime="20220621 22:42:44.537"/>
</kw>
<status status="PASS" starttime="20220621 22:42:44.533" endtime="20220621 22:42:44.537"/>
</kw>
<tag>Deletar_Usuario_Nao_Cadastrado</tag>
<tag>DELETE</tag>
<status status="PASS" starttime="20220621 22:42:44.003" endtime="20220621 22:42:44.539"/>
</test>
<doc>Arquivo De Requisições Do Tipo DELETE DA API Do EndPoint Usuarios</doc>
<status status="PASS" starttime="20220621 22:42:42.607" endtime="20220621 22:42:44.544"/>
</suite>
<status status="PASS" starttime="20220621 22:42:28.511" endtime="20220621 22:42:44.552"/>
</suite>
<statistics>
<total>
<stat pass="17" fail="0" skip="0">All Tests</stat>
</total>
<tag>
<stat pass="5" fail="0" skip="0">Atualizar</stat>
<stat pass="1" fail="0" skip="0">Atualizar_Dados_Usuario_Nao_Cadastrado</stat>
<stat pass="1" fail="0" skip="0">Atualizar_Email_Usuario</stat>
<stat pass="1" fail="0" skip="0">Atualizar_Nome_Usuario</stat>
<stat pass="1" fail="0" skip="0">Atualizar_Privelio_Usuario</stat>
<stat pass="1" fail="0" skip="0">Atualizar_Senha_Usuario</stat>
<stat pass="1" fail="0" skip="0">Buscar_Por_Id</stat>
<stat pass="1" fail="0" skip="0">Buscar_Por_Id_Invalido</stat>
<stat pass="7" fail="0" skip="0">Cadastrar</stat>
<stat pass="1" fail="0" skip="0">Cadastrar_Usuario</stat>
<stat pass="1" fail="0" skip="0">Cadastrar_Usuario_Administrador</stat>
<stat pass="1" fail="0" skip="0">Cadastrar_Usuario_Email_Ja_Utilizado</stat>
<stat pass="1" fail="0" skip="0">Cadastrar_Usuario_Sem_Administrador</stat>
<stat pass="1" fail="0" skip="0">Cadastrar_Usuario_Sem_Email</stat>
<stat pass="1" fail="0" skip="0">Cadastrar_Usuario_Sem_Nome</stat>
<stat pass="1" fail="0" skip="0">Cadastrar_Usuario_Sem_Senha</stat>
<stat pass="1" fail="0" skip="0">Deletar_Usuario_Cadastrado</stat>
<stat pass="1" fail="0" skip="0">Deletar_Usuario_Nao_Cadastrado</stat>
<stat pass="2" fail="0" skip="0">DELETE</stat>
<stat pass="3" fail="0" skip="0">GET</stat>
<stat pass="1" fail="0" skip="0">Listar_Todos</stat>
<stat pass="7" fail="0" skip="0">POST</stat>
<stat pass="5" fail="0" skip="0">PUT</stat>
</tag>
<suite>
<stat pass="17" fail="0" skip="0" id="s1" name="Usuarios">Usuarios</stat>
<stat pass="3" fail="0" skip="0" id="s1-s1" name="01 usuarios GET">Usuarios.01 usuarios GET</stat>
<stat pass="7" fail="0" skip="0" id="s1-s2" name="02 usuarios POST">Usuarios.02 usuarios POST</stat>
<stat pass="5" fail="0" skip="0" id="s1-s3" name="03 usuarios PUT">Usuarios.03 usuarios PUT</stat>
<stat pass="2" fail="0" skip="0" id="s1-s4" name="04 usuarios DELETE">Usuarios.04 usuarios DELETE</stat>
</suite>
</statistics>
<errors>
</errors>
</robot>
